2025-07-12 23:44:54,092 - INFO - Run config: {"shots": 10000, "simulator": false, "backend": "ibm_brisbane", "resilience_level": 0}
2025-07-12 23:44:54,876 - INFO - Loaded ADAPT-VQE: 2 excitations, 14 qubits
2025-07-12 23:44:54,876 - INFO - Loaded 2 excitation operators
2025-07-12 23:44:54,882 - INFO - State prep depth: 41
2025-07-12 23:44:54,883 - INFO - Hamiltonian terms: 129
2025-07-12 23:44:56,671 - INFO - Initialized hardware backend ibm_brisbane with resilience_level=0
2025-07-12 23:44:56,671 - INFO - Term 1/129: IIIIIIIIIIIIII
2025-07-12 23:45:03,341 - INFO - coeff=-855.610999 exp=+1.000000 σ=0.000000 → -855.610999
2025-07-12 23:45:03,342 - INFO - Term 2/129: IIIIIIIIIIIIIZ
2025-07-12 23:45:10,429 - INFO - coeff=+0.560653 exp=+0.977200 σ=0.002123 → +0.547870
2025-07-12 23:45:10,430 - INFO - Term 3/129: IIIXIXYIIIXIXX
2025-07-12 23:45:16,896 - INFO - coeff=+0.000004 exp=-0.003000 σ=0.010000 → -0.000000
2025-07-12 23:45:16,897 - INFO - Term 4/129: IIIXIXXIIIXIXY
2025-07-12 23:48:08,942 - INFO - coeff=-0.000004 exp=-0.003600 σ=0.010000 → +0.000000
2025-07-12 23:48:08,943 - INFO - Term 5/129: IIIIIIIIIIIIZX
2025-07-12 23:48:15,681 - INFO - coeff=-0.000311 exp=+0.007600 σ=0.010000 → -0.000002
2025-07-12 23:48:15,681 - INFO - Term 6/129: IIIIIIIIIIIIIX
2025-07-12 23:48:22,206 - INFO - coeff=+0.000311 exp=+0.013600 σ=0.009999 → +0.000004
2025-07-12 23:48:22,207 - INFO - Term 7/129: IIIXIYYIIIXIXX
2025-07-12 23:48:28,633 - INFO - coeff=+0.000053 exp=-0.010800 σ=0.009999 → -0.000001
2025-07-12 23:48:28,634 - INFO - Term 8/129: IIIXIXZIIIXIXY
2025-07-12 23:48:35,109 - INFO - coeff=-0.000053 exp=-0.000800 σ=0.010000 → +0.000000
2025-07-12 23:48:35,109 - INFO - Term 9/129: IIIIIIIIIIIYYX
2025-07-12 23:48:41,371 - INFO - coeff=-0.000148 exp=+0.003600 σ=0.010000 → -0.000001
2025-07-12 23:48:41,372 - INFO - Term 10/129: IIIIIIIIIIIXYY
2025-07-12 23:48:47,906 - INFO - coeff=+0.000148 exp=+0.011200 σ=0.009999 → +0.000002
2025-07-12 23:48:47,907 - INFO - Term 11/129: IIIXYZYIIIXIXX
2025-07-12 23:48:54,575 - INFO - coeff=+0.000033 exp=+0.004000 σ=0.010000 → +0.000000
2025-07-12 23:48:54,576 - INFO - Term 12/129: IIIXXZYIIIXIXY
2025-07-12 23:49:02,166 - INFO - coeff=-0.000033 exp=-0.006000 σ=0.010000 → +0.000000
2025-07-12 23:49:02,167 - INFO - Term 13/129: IIIIIIIIIIZIXX
2025-07-12 23:49:08,751 - INFO - coeff=-0.000012 exp=+0.002400 σ=0.010000 → -0.000000
2025-07-12 23:49:08,752 - INFO - Term 14/129: IIIIIIIIIIIZYY
2025-07-12 23:49:15,248 - INFO - coeff=-0.000012 exp=-0.000200 σ=0.010000 → +0.000000
2025-07-12 23:49:15,249 - INFO - Term 15/129: IIIYIIYIIIXIXX
2025-07-12 23:49:21,783 - INFO - coeff=-0.009790 exp=-0.007200 σ=0.010000 → +0.000070
2025-07-12 23:49:21,784 - INFO - Term 16/129: IIIXZZYIIIXIXY
2025-07-12 23:49:28,297 - INFO - coeff=+0.009790 exp=-0.001600 σ=0.010000 → -0.000016
2025-07-12 23:49:28,298 - INFO - Term 17/129: IIIIIIZIIIIIII
2025-07-12 23:49:34,504 - INFO - coeff=+0.603951 exp=+0.055000 σ=0.009985 → +0.033217

2025-07-12 23:49:54,977 - INFO - Run config: {"shots": 10000, "simulator": false, "backend": "ibm_brisbane", "resilience_level": 1}
2025-07-12 23:49:55,769 - INFO - Loaded ADAPT-VQE: 2 excitations, 14 qubits
2025-07-12 23:49:55,769 - INFO - Loaded 2 excitation operators
2025-07-12 23:49:55,774 - INFO - State prep depth: 41
2025-07-12 23:49:55,775 - INFO - Hamiltonian terms: 129
2025-07-12 23:49:57,489 - INFO - Initialized hardware backend ibm_brisbane with resilience_level=1
2025-07-12 23:49:57,489 - INFO - Term 1/129: IIIIIIIIIIIIII
2025-07-12 23:50:41,700 - INFO - coeff=-855.610999 exp=+1.000000 σ=0.000000 → -855.610999
2025-07-12 23:50:41,701 - INFO - Term 2/129: IIIIIIIIIIIIIZ
2025-07-12 23:51:24,212 - INFO - coeff=+0.560653 exp=+0.984300 σ=0.001765 → +0.551851
2025-07-12 23:51:24,212 - INFO - Term 3/129: IIIXIXYIIIXIXX
2025-07-12 23:51:41,037 - INFO - coeff=+0.000004 exp=-0.012636 σ=0.009999 → -0.000000
2025-07-12 23:51:41,038 - INFO - Term 4/129: IIIXIXXIIIXIXY
2025-07-12 23:52:21,389 - INFO - coeff=-0.000004 exp=+0.004155 σ=0.010000 → -0.000000
2025-07-12 23:52:21,389 - INFO - Term 5/129: IIIIIIIIIIIIZX
2025-07-12 23:52:38,072 - INFO - coeff=-0.000311 exp=-0.001929 σ=0.010000 → +0.000001
2025-07-12 23:52:38,072 - INFO - Term 6/129: IIIIIIIIIIIIIX
2025-07-12 23:53:20,197 - INFO - coeff=+0.000311 exp=+0.010806 σ=0.009999 → +0.000003
2025-07-12 23:53:20,198 - INFO - Term 7/129: IIIXIYYIIIXIXX
2025-07-12 23:54:02,363 - INFO - coeff=+0.000053 exp=-0.011608 σ=0.009999 → -0.000001
2025-07-12 23:54:02,364 - INFO - Term 8/129: IIIXIXZIIIXIXY
2025-07-12 23:54:44,942 - INFO - coeff=-0.000053 exp=-0.013366 σ=0.009999 → +0.000001
2025-07-12 23:54:44,942 - INFO - Term 9/129: IIIIIIIIIIIYYX
2025-07-12 23:55:02,320 - INFO - coeff=-0.000148 exp=-0.022798 σ=0.009997 → +0.000003
2025-07-12 23:55:02,320 - INFO - Term 10/129: IIIIIIIIIIIXYY
2025-07-12 23:55:54,382 - INFO - coeff=+0.000148 exp=-0.003310 σ=0.010000 → -0.000000
2025-07-12 23:55:54,383 - INFO - Term 11/129: IIIXYZYIIIXIXX
2025-07-12 23:56:41,172 - INFO - coeff=+0.000033 exp=+0.008424 σ=0.010000 → +0.000000
2025-07-12 23:56:41,173 - INFO - Term 12/129: IIIXXZYIIIXIXY
2025-07-12 23:57:25,063 - INFO - coeff=-0.000033 exp=+0.006763 σ=0.010000 → -0.000000
2025-07-12 23:57:25,064 - INFO - Term 13/129: IIIIIIIIIIZIXX
2025-07-12 23:57:42,084 - INFO - coeff=-0.000012 exp=-0.002318 σ=0.010000 → +0.000000
2025-07-12 23:57:42,085 - INFO - Term 14/129: IIIIIIIIIIIZYY
2025-07-12 23:58:21,924 - INFO - coeff=-0.000012 exp=+0.001312 σ=0.010000 → -0.000000
2025-07-12 23:58:21,925 - INFO - Term 15/129: IIIYIIYIIIXIXX
2025-07-12 23:59:04,274 - INFO - coeff=-0.009790 exp=-0.019338 σ=0.009998 → +0.000189
2025-07-12 23:59:04,275 - INFO - Term 16/129: IIIXZZYIIIXIXY
2025-07-12 23:59:47,614 - INFO - coeff=+0.009790 exp=-0.005102 σ=0.010000 → -0.000050
2025-07-12 23:59:47,614 - INFO - Term 17/129: IIIIIIZIIIIIII
2025-07-13 00:00:04,473 - INFO - coeff=+0.603951 exp=-0.050144 σ=0.009987 → -0.030284

2025-07-13 00:00:19,091 - INFO - Run config: {"shots": 10000, "simulator": false, "backend": "ibm_brisbane", "resilience_level": 2}
2025-07-13 00:00:19,907 - INFO - Loaded ADAPT-VQE: 2 excitations, 14 qubits
2025-07-13 00:00:19,908 - INFO - Loaded 2 excitation operators
2025-07-13 00:00:19,913 - INFO - State prep depth: 41
2025-07-13 00:00:19,914 - INFO - Hamiltonian terms: 129
2025-07-13 00:00:24,373 - INFO - Initialized hardware backend ibm_brisbane with resilience_level=2
2025-07-13 00:00:24,373 - INFO - Term 1/129: IIIIIIIIIIIIII
2025-07-13 00:01:13,353 - INFO - coeff=-855.610999 exp=+1.000000 σ=0.000000 → -855.610999
2025-07-13 00:01:13,353 - INFO - Term 2/129: IIIIIIIIIIIIIZ
2025-07-13 00:02:06,286 - INFO - coeff=+0.560653 exp=+0.987610 σ=0.001569 → +0.553707
2025-07-13 00:02:06,286 - INFO - Term 3/129: IIIXIXYIIIXIXX
2025-07-13 00:02:58,371 - INFO - coeff=+0.000004 exp=-0.000071 σ=0.010000 → -0.000000
2025-07-13 00:02:58,372 - INFO - Term 4/129: IIIXIXXIIIXIXY
2025-07-13 00:03:43,445 - INFO - coeff=-0.000004 exp=+0.000818 σ=0.010000 → -0.000000
2025-07-13 00:03:43,445 - INFO - Term 5/129: IIIIIIIIIIIIZX
2025-07-13 00:04:25,808 - INFO - coeff=-0.000311 exp=-0.000297 σ=0.010000 → +0.000000
2025-07-13 00:04:25,809 - INFO - Term 6/129: IIIIIIIIIIIIIX
2025-07-13 00:04:57,833 - INFO - coeff=+0.000311 exp=+0.022809 σ=0.009997 → +0.000007
2025-07-13 00:04:57,833 - INFO - Term 7/129: IIIXIYYIIIXIXX
2025-07-13 00:08:47,973 - INFO - coeff=+0.000053 exp=+0.001651 σ=0.010000 → +0.000000
2025-07-13 00:08:47,974 - INFO - Term 8/129: IIIXIXZIIIXIXY
2025-07-13 00:09:18,569 - INFO - coeff=-0.000053 exp=+0.017587 σ=0.009998 → -0.000001
2025-07-13 00:09:18,570 - INFO - Term 9/129: IIIIIIIIIIIYYX
2025-07-13 00:09:49,733 - INFO - coeff=-0.000148 exp=-0.010033 σ=0.009999 → +0.000001
2025-07-13 00:09:49,734 - INFO - Term 10/129: IIIIIIIIIIIXYY
2025-07-13 00:10:20,090 - INFO - coeff=+0.000148 exp=-0.012997 σ=0.009999 → -0.000002
2025-07-13 00:10:20,091 - INFO - Term 11/129: IIIXYZYIIIXIXX
2025-07-13 00:10:51,095 - INFO - coeff=+0.000033 exp=+0.030857 σ=0.009995 → +0.000001
2025-07-13 00:10:51,095 - INFO - Term 12/129: IIIXXZYIIIXIXY
2025-07-13 00:11:21,705 - INFO - coeff=-0.000033 exp=-0.015643 σ=0.009999 → +0.000001
2025-07-13 00:11:21,705 - INFO - Term 13/129: IIIIIIIIIIZIXX
2025-07-13 00:11:51,980 - INFO - coeff=-0.000012 exp=+0.003246 σ=0.010000 → -0.000000
2025-07-13 00:11:51,981 - INFO - Term 14/129: IIIIIIIIIIIZYY
2025-07-13 00:12:38,472 - INFO - coeff=-0.000012 exp=+0.053908 σ=0.009985 → -0.000001
2025-07-13 00:12:38,474 - INFO - Term 15/129: IIIYIIYIIIXIXX
2025-07-13 00:13:09,508 - INFO - coeff=-0.009790 exp=-0.003375 σ=0.010000 → +0.000033
2025-07-13 00:13:09,509 - INFO - Term 16/129: IIIXZZYIIIXIXY
2025-07-13 00:13:39,314 - INFO - coeff=+0.009790 exp=+0.011078 σ=0.009999 → +0.000108
2025-07-13 00:13:39,315 - INFO - Term 17/129: IIIIIIZIIIIIII
2025-07-13 00:14:23,066 - INFO - coeff=+0.603951 exp=-0.043075 σ=0.009991 → -0.026015

2025-07-13 00:15:50,786 - INFO - Run config: {"shots": 10000, "simulator": false, "backend": "ibm_brisbane", "resilience_level": 1}
2025-07-13 00:15:51,556 - INFO - Loaded ADAPT-VQE: 2 excitations, 14 qubits
2025-07-13 00:15:51,556 - INFO - Loaded 2 excitation operators
2025-07-13 00:15:51,562 - INFO - State prep depth: 41
2025-07-13 00:15:51,563 - INFO - Hamiltonian terms: 129
2025-07-13 00:15:53,460 - INFO - Initialized hardware backend ibm_brisbane with resilience_level=1
2025-07-13 00:15:53,460 - INFO - Term 1/129: IIIIIIIIIIIIII
2025-07-13 00:16:12,963 - INFO - coeff=-855.610999 exp=+1.000000 σ=0.000000 → -855.610999
2025-07-13 00:16:12,964 - INFO - Term 2/129: IIIIIIIIIIIIIZ
2025-07-13 00:16:41,885 - INFO - coeff=+0.560653 exp=+0.986188 σ=0.001656 → +0.552909
2025-07-13 00:16:41,886 - INFO - Term 3/129: IIIXIXYIIIXIXX
2025-07-13 00:16:58,449 - INFO - coeff=+0.000004 exp=-0.000941 σ=0.010000 → -0.000000
2025-07-13 00:16:58,449 - INFO - Term 4/129: IIIXIXXIIIXIXY
2025-07-13 00:17:15,166 - INFO - coeff=-0.000004 exp=-0.002884 σ=0.010000 → +0.000000
2025-07-13 00:17:15,166 - INFO - Term 5/129: IIIIIIIIIIIIZX
2025-07-13 00:17:31,665 - INFO - coeff=-0.000311 exp=-0.000829 σ=0.010000 → +0.000000
2025-07-13 00:17:31,666 - INFO - Term 6/129: IIIIIIIIIIIIIX
2025-07-13 00:17:48,278 - INFO - coeff=+0.000311 exp=+0.007116 σ=0.010000 → +0.000002
2025-07-13 00:17:48,279 - INFO - Term 7/129: IIIXIYYIIIXIXX
2025-07-13 00:18:04,788 - INFO - coeff=+0.000053 exp=-0.006632 σ=0.010000 → -0.000000
2025-07-13 00:18:04,788 - INFO - Term 8/129: IIIXIXZIIIXIXY
2025-07-13 00:18:21,478 - INFO - coeff=-0.000053 exp=-0.019736 σ=0.009998 → +0.000001
2025-07-13 00:18:21,478 - INFO - Term 9/129: IIIIIIIIIIIYYX
2025-07-13 00:18:38,092 - INFO - coeff=-0.000148 exp=+0.005087 σ=0.010000 → -0.000001
2025-07-13 00:18:38,093 - INFO - Term 10/129: IIIIIIIIIIIXYY
2025-07-13 00:18:54,517 - INFO - coeff=+0.000148 exp=+0.002420 σ=0.010000 → +0.000000
2025-07-13 00:18:54,517 - INFO - Term 11/129: IIIXYZYIIIXIXX
2025-07-13 00:19:11,372 - INFO - coeff=+0.000033 exp=-0.014730 σ=0.009999 → -0.000000
2025-07-13 00:19:11,372 - INFO - Term 12/129: IIIXXZYIIIXIXY
2025-07-13 00:19:45,140 - INFO - coeff=-0.000033 exp=+0.001192 σ=0.010000 → -0.000000
2025-07-13 00:19:45,141 - INFO - Term 13/129: IIIIIIIIIIZIXX
2025-07-13 00:20:01,976 - INFO - coeff=-0.000012 exp=-0.005452 σ=0.010000 → +0.000000
2025-07-13 00:20:01,976 - INFO - Term 14/129: IIIIIIIIIIIZYY
2025-07-13 00:20:24,254 - INFO - coeff=-0.000012 exp=+0.007278 σ=0.010000 → -0.000000
2025-07-13 00:20:24,254 - INFO - Term 15/129: IIIYIIYIIIXIXX
2025-07-13 00:20:57,071 - INFO - coeff=-0.009790 exp=+0.009938 σ=0.010000 → -0.000097
2025-07-13 00:20:57,072 - INFO - Term 16/129: IIIXZZYIIIXIXY
2025-07-13 00:21:35,542 - INFO - coeff=+0.009790 exp=-0.004942 σ=0.010000 → -0.000048
2025-07-13 00:21:35,544 - INFO - Term 17/129: IIIIIIZIIIIIII
2025-07-13 00:21:52,051 - INFO - coeff=+0.603951 exp=-0.195672 σ=0.009807 → -0.118176
2025-07-13 00:21:52,052 - INFO - Term 18/129: IIIXIXXIIIXIYI
2025-07-13 00:22:08,595 - INFO - coeff=-0.000009 exp=-0.012639 σ=0.009999 → +0.000000
2025-07-13 00:22:08,596 - INFO - Term 19/129: IIIXIXYIIIXIXZ
2025-07-13 00:22:38,302 - INFO - coeff=+0.000009 exp=-0.004839 σ=0.010000 → -0.000000
2025-07-13 00:22:38,303 - INFO - Term 20/129: IIIIIZXIIIIIII
2025-07-13 00:22:55,070 - INFO - coeff=+0.000423 exp=+0.058382 σ=0.009983 → +0.000025
2025-07-13 00:22:55,072 - INFO - Term 21/129: IIIIIIXIIIIIII
2025-07-13 00:23:11,644 - INFO - coeff=-0.000423 exp=+0.014188 σ=0.009999 → -0.000006
2025-07-13 00:23:11,645 - INFO - Term 22/129: IIIXIXXIIIXYZI
2025-07-13 00:23:28,123 - INFO - coeff=+0.000042 exp=-0.005477 σ=0.010000 → -0.000000
2025-07-13 00:23:28,124 - INFO - Term 23/129: IIIXIXYIIIXXZI
2025-07-13 00:23:44,877 - INFO - coeff=-0.000042 exp=+0.003343 σ=0.010000 → -0.000000
2025-07-13 00:23:44,878 - INFO - Term 24/129: IIIIYYXIIIIIII
2025-07-13 00:24:01,752 - INFO - coeff=+0.000285 exp=-0.000447 σ=0.010000 → -0.000000
2025-07-13 00:24:01,753 - INFO - Term 25/129: IIIIXYYIIIIIII
2025-07-13 00:24:18,159 - INFO - coeff=-0.000285 exp=+0.004218 σ=0.010000 → -0.000001
2025-07-13 00:24:18,160 - INFO - Term 26/129: IIIXIXXIIIYIII
2025-07-13 00:24:34,796 - INFO - coeff=+0.000187 exp=+0.008999 σ=0.010000 → +0.000002
2025-07-13 00:24:34,797 - INFO - Term 27/129: IIIXIXYIIIXZZI
2025-07-13 00:24:51,305 - INFO - coeff=-0.000187 exp=+0.015657 σ=0.009999 → -0.000003
2025-07-13 00:24:51,306 - INFO - Term 28/129: IIIZIXXIIIIIII
2025-07-13 00:25:07,856 - INFO - coeff=+0.000263 exp=+0.000889 σ=0.010000 → +0.000000
2025-07-13 00:25:07,858 - INFO - Term 29/129: IIIIZYYIIIIIII
2025-07-13 00:25:24,443 - INFO - coeff=+0.000263 exp=+0.031909 σ=0.009995 → +0.000008
2025-07-13 00:25:24,443 - INFO - Term 30/129: IIIIIIIIIIIIZZ
2025-07-13 00:25:41,039 - INFO - coeff=+0.566856 exp=-0.015521 σ=0.009999 → -0.008798
2025-07-13 00:25:41,041 - INFO - Term 31/129: IIIXIYYIIIXIXZ
2025-07-13 00:25:57,765 - INFO - coeff=-0.002609 exp=-0.001649 σ=0.010000 → +0.000004
2025-07-13 00:25:57,766 - INFO - Term 32/129: IIIXIXZIIIXIYI
2025-07-13 00:26:14,318 - INFO - coeff=+0.002609 exp=+0.001861 σ=0.010000 → +0.000005
2025-07-13 00:26:14,319 - INFO - Term 33/129: IIIIIIIIIIIYYZ
2025-07-13 00:26:30,951 - INFO - coeff=-0.015525 exp=-0.005392 σ=0.010000 → +0.000084
2025-07-13 00:26:30,952 - INFO - Term 34/129: IIIIIIIIIIIXXI
2025-07-13 00:26:47,127 - INFO - coeff=-0.015525 exp=-0.014224 σ=0.009999 → +0.000221
2025-07-13 00:26:47,128 - INFO - Term 35/129: IIIXYZYIIIXIXZ
2025-07-13 00:27:03,932 - INFO - coeff=-0.000235 exp=+0.014939 σ=0.009999 → -0.000004
2025-07-13 00:27:03,933 - INFO - Term 36/129: IIIXXZYIIIXIYI
2025-07-13 00:27:20,817 - INFO - coeff=+0.000235 exp=-0.003076 σ=0.010000 → -0.000001
2025-07-13 00:27:20,818 - INFO - Term 37/129: IIIIIIIIIIZIXZ
2025-07-13 00:27:38,009 - INFO - coeff=+0.000092 exp=+0.048875 σ=0.009988 → +0.000004
2025-07-13 00:27:38,010 - INFO - Term 38/129: IIIIIIIIIIIZXI
2025-07-13 00:27:54,825 - INFO - coeff=-0.000092 exp=+0.025053 σ=0.009997 → -0.000002
2025-07-13 00:27:54,826 - INFO - Term 39/129: IIIYIIYIIIXIXZ
2025-07-13 00:28:11,557 - INFO - coeff=-0.000208 exp=-0.012059 σ=0.009999 → +0.000003
2025-07-13 00:28:11,557 - INFO - Term 40/129: IIIXZZYIIIXIYI
2025-07-13 00:28:28,111 - INFO - coeff=+0.000208 exp=-0.021576 σ=0.009998 → -0.000004
2025-07-13 00:28:28,113 - INFO - Term 41/129: IIIIIZZIIIIIII
2025-07-13 00:28:44,652 - INFO - coeff=+0.566546 exp=+0.150664 σ=0.009886 → +0.085358
2025-07-13 00:28:44,653 - INFO - Term 42/129: IIIXIXZIIIXYZI
2025-07-13 00:29:01,030 - INFO - coeff=-0.001523 exp=-0.004858 σ=0.010000 → +0.000007
2025-07-13 00:29:01,031 - INFO - Term 43/129: IIIXIYYIIIXXZI
2025-07-13 00:29:17,836 - INFO - coeff=+0.001523 exp=+0.003861 σ=0.010000 → +0.000006
2025-07-13 00:29:17,837 - INFO - Term 44/129: IIIIYYZIIIIIII
2025-07-13 00:29:34,207 - INFO - coeff=-0.015440 exp=+0.000218 σ=0.010000 → -0.000003
2025-07-13 00:29:34,208 - INFO - Term 45/129: IIIIXXIIIIIIII
2025-07-13 00:29:50,654 - INFO - coeff=-0.015440 exp=-0.014923 σ=0.009999 → +0.000230
2025-07-13 00:29:50,655 - INFO - Term 46/129: IIIXIXZIIIYIII
2025-07-13 00:30:07,471 - INFO - coeff=+0.000009 exp=-0.000439 σ=0.010000 → -0.000000
2025-07-13 00:30:07,472 - INFO - Term 47/129: IIIXIYYIIIXZZI
2025-07-13 00:30:24,034 - INFO - coeff=-0.000009 exp=+0.000000 σ=0.010000 → -0.000000
2025-07-13 00:30:24,035 - INFO - Term 48/129: IIIZIXZIIIIIII
2025-07-13 00:30:40,591 - INFO - coeff=+0.000155 exp=-0.003325 σ=0.010000 → -0.000001
2025-07-13 00:30:40,592 - INFO - Term 49/129: IIIIZXIIIIIIII
2025-07-13 00:30:57,257 - INFO - coeff=-0.000155 exp=+0.046880 σ=0.009989 → -0.000007
2025-07-13 00:30:57,259 - INFO - Term 50/129: IIIIIIIIIIIZII
2025-07-13 00:31:13,764 - INFO - coeff=+0.567637 exp=+0.031971 σ=0.009995 → +0.018148
2025-07-13 00:31:13,766 - INFO - Term 51/129: IIIXYZYIIIXXZI
2025-07-13 00:31:30,138 - INFO - coeff=-0.002235 exp=-0.005856 σ=0.010000 → +0.000013
2025-07-13 00:31:30,139 - INFO - Term 52/129: IIIXXZYIIIXYZI
2025-07-13 00:31:47,230 - INFO - coeff=+0.002235 exp=+0.025951 σ=0.009997 → +0.000058
2025-07-13 00:31:47,231 - INFO - Term 53/129: IIIIIIIIIIZXZI
2025-07-13 00:32:03,920 - INFO - coeff=+0.000087 exp=-0.049369 σ=0.009988 → -0.000004
2025-07-13 00:32:03,922 - INFO - Term 54/129: IIIIIIIIIIIXII
2025-07-13 00:32:21,807 - INFO - coeff=-0.000087 exp=+0.000412 σ=0.010000 → -0.000000
2025-07-13 00:32:21,809 - INFO - Term 55/129: IIIYIIYIIIXXZI
2025-07-13 00:32:39,334 - INFO - coeff=-0.000567 exp=-0.011933 σ=0.009999 → +0.000007
2025-07-13 00:32:39,335 - INFO - Term 56/129: IIIXZZYIIIXYZI
2025-07-13 00:32:56,401 - INFO - coeff=+0.000567 exp=+0.010234 σ=0.009999 → +0.000006
2025-07-13 00:32:56,402 - INFO - Term 57/129: IIIIZIIIIIIIII
2025-07-13 00:33:13,004 - INFO - coeff=+0.570330 exp=-0.990889 σ=0.001347 → -0.565134
2025-07-13 00:33:13,006 - INFO - Term 58/129: IIIXXZYIIIYIII
2025-07-13 00:33:29,921 - INFO - coeff=+0.000006 exp=+0.001377 σ=0.010000 → +0.000000
2025-07-13 00:33:29,922 - INFO - Term 59/129: IIIXYZYIIIXZZI
2025-07-13 00:33:46,733 - INFO - coeff=-0.000006 exp=+0.005991 σ=0.010000 → -0.000000
2025-07-13 00:33:46,734 - INFO - Term 60/129: IIIZXZIIIIIIII
2025-07-13 00:34:03,508 - INFO - coeff=+0.000148 exp=+0.005129 σ=0.010000 → +0.000001
2025-07-13 00:34:03,509 - INFO - Term 61/129: IIIIXIIIIIIIII
2025-07-13 00:34:20,272 - INFO - coeff=-0.000148 exp=-0.004686 σ=0.010000 → +0.000001
2025-07-13 00:34:20,273 - INFO - Term 62/129: IIIIIIIIIIZZZI
2025-07-13 00:34:37,091 - INFO - coeff=+0.546401 exp=+0.202041 σ=0.009794 → +0.110396
2025-07-13 00:34:37,092 - INFO - Term 63/129: IIIYIIYIIIXZZI
2025-07-13 00:34:53,841 - INFO - coeff=+0.001947 exp=-0.011414 σ=0.009999 → -0.000022
2025-07-13 00:34:53,842 - INFO - Term 64/129: IIIXZZYIIIYIII
2025-07-13 00:35:10,623 - INFO - coeff=-0.001947 exp=-0.007151 σ=0.010000 → +0.000014
2025-07-13 00:35:10,624 - INFO - Term 65/129: IIIZZZIIIIIIII
2025-07-13 00:35:27,259 - INFO - coeff=+0.557465 exp=-0.146031 σ=0.009893 → -0.081407
2025-07-13 00:35:27,259 - INFO - Term 66/129: IIIIIIIIIZIIII
2025-07-13 00:35:44,163 - INFO - coeff=+0.560653 exp=+0.991230 σ=0.001321 → +0.555736
2025-07-13 00:35:44,164 - INFO - Term 67/129: IXYZIIYIXXZIII
2025-07-13 00:36:00,930 - INFO - coeff=+0.000004 exp=+0.033350 σ=0.009994 → +0.000000
2025-07-13 00:36:00,931 - INFO - Term 68/129: IXXZIIYIXYZIII
2025-07-13 00:36:17,727 - INFO - coeff=-0.000004 exp=-0.005491 σ=0.010000 → +0.000000
2025-07-13 00:36:17,727 - INFO - Term 69/129: IIIIIIIIZXIIII
2025-07-13 00:36:34,328 - INFO - coeff=-0.000311 exp=+0.010899 σ=0.009999 → -0.000003
2025-07-13 00:36:34,329 - INFO - Term 70/129: IIIIIIIIIXIIII
2025-07-13 00:36:50,999 - INFO - coeff=+0.000311 exp=+0.003649 σ=0.010000 → +0.000001
2025-07-13 00:36:51,001 - INFO - Term 71/129: IYIZIIYIXXZIII
2025-07-13 00:37:08,110 - INFO - coeff=+0.000053 exp=+0.003016 σ=0.010000 → +0.000000
2025-07-13 00:37:08,111 - INFO - Term 72/129: IXZZIIYIXYZIII
2025-07-13 00:37:24,644 - INFO - coeff=-0.000053 exp=+0.001829 σ=0.010000 → -0.000000
2025-07-13 00:37:24,645 - INFO - Term 73/129: IIIIIIIYYXIIII
2025-07-13 00:37:41,279 - INFO - coeff=-0.000148 exp=+0.001065 σ=0.010000 → -0.000000
2025-07-13 00:37:41,280 - INFO - Term 74/129: IIIIIIIXYYIIII
2025-07-13 00:37:57,830 - INFO - coeff=+0.000148 exp=+0.003843 σ=0.010000 → +0.000001
2025-07-13 00:37:57,831 - INFO - Term 75/129: YZIZIIYIXXZIII
2025-07-13 00:38:30,430 - INFO - coeff=+0.000033 exp=-0.010175 σ=0.009999 → -0.000000
2025-07-13 00:38:30,432 - INFO - Term 76/129: XZIZIIYIXYZIII
2025-07-13 00:38:47,109 - INFO - coeff=-0.000033 exp=+0.006415 σ=0.010000 → -0.000000
2025-07-13 00:38:47,110 - INFO - Term 77/129: IIIIIIIIXXZIII
2025-07-13 00:39:16,340 - INFO - coeff=-0.000012 exp=+0.007930 σ=0.010000 → -0.000000
2025-07-13 00:39:16,341 - INFO - Term 78/129: IIIIIIIZYYIIII
2025-07-13 00:39:33,865 - INFO - coeff=-0.000012 exp=+0.008404 σ=0.010000 → -0.000000
2025-07-13 00:39:33,866 - INFO - Term 79/129: IIIIIIXIXXZIII
2025-07-13 00:39:51,046 - INFO - coeff=+0.009790 exp=-0.016098 σ=0.009999 → -0.000158
2025-07-13 00:39:51,047 - INFO - Term 80/129: ZZIZIIYIXYZIII
2025-07-13 00:40:08,077 - INFO - coeff=+0.009790 exp=+0.006426 σ=0.010000 → +0.000063
2025-07-13 00:40:08,077 - INFO - Term 81/129: IIZIIIIIIIIIII
2025-07-13 00:40:24,864 - INFO - coeff=+0.603951 exp=-0.979679 σ=0.002006 → -0.591679
2025-07-13 00:40:24,865 - INFO - Term 82/129: IXXZIIYIYIZIII
2025-07-13 00:40:41,638 - INFO - coeff=-0.000009 exp=-0.004590 σ=0.010000 → +0.000000
2025-07-13 00:40:41,639 - INFO - Term 83/129: IXYZIIYIXZZIII
2025-07-13 00:40:58,142 - INFO - coeff=+0.000009 exp=+0.002089 σ=0.010000 → +0.000000
2025-07-13 00:40:58,143 - INFO - Term 84/129: IZXIIIIIIIIIII
2025-07-13 00:41:14,804 - INFO - coeff=+0.000423 exp=+0.001900 σ=0.010000 → +0.000001
2025-07-13 00:41:14,804 - INFO - Term 85/129: IIXIIIIIIIIIII
2025-07-13 00:41:31,342 - INFO - coeff=-0.000423 exp=+0.009330 σ=0.010000 → -0.000004
2025-07-13 00:41:31,343 - INFO - Term 86/129: IXXZIIYYZIZIII
2025-07-13 00:41:48,129 - INFO - coeff=+0.000042 exp=+0.008666 σ=0.010000 → +0.000000
2025-07-13 00:41:48,130 - INFO - Term 87/129: IXYZIIYXZIZIII
2025-07-13 00:42:04,880 - INFO - coeff=-0.000042 exp=+0.008215 σ=0.010000 → -0.000000
2025-07-13 00:42:04,880 - INFO - Term 88/129: YYXIIIIIIIIIII
2025-07-13 00:42:21,397 - INFO - coeff=+0.000285 exp=-0.000216 σ=0.010000 → -0.000000
2025-07-13 00:42:21,398 - INFO - Term 89/129: XYYIIIIIIIIIII
2025-07-13 00:42:38,275 - INFO - coeff=-0.000285 exp=+0.015451 σ=0.009999 → -0.000004
2025-07-13 00:42:38,277 - INFO - Term 90/129: IXXZIIXIIIIIII
2025-07-13 00:42:55,248 - INFO - coeff=-0.000187 exp=+0.010298 σ=0.009999 → -0.000002
2025-07-13 00:42:55,249 - INFO - Term 91/129: IXYZIIYZZIZIII
2025-07-13 00:43:12,244 - INFO - coeff=-0.000187 exp=+0.025938 σ=0.009997 → -0.000005
2025-07-13 00:43:12,245 - INFO - Term 92/129: IXXZIIIIIIIIII
2025-07-13 00:43:28,927 - INFO - coeff=+0.000263 exp=-0.017088 σ=0.009999 → -0.000004
2025-07-13 00:43:28,928 - INFO - Term 93/129: ZYYIIIIIIIIIII
2025-07-13 00:43:45,945 - INFO - coeff=+0.000263 exp=+0.003429 σ=0.010000 → +0.000001
2025-07-13 00:43:45,945 - INFO - Term 94/129: IIIIIIIIZZIIII
2025-07-13 00:44:02,328 - INFO - coeff=+0.566856 exp=+0.963656 σ=0.002671 → +0.546254
2025-07-13 00:44:02,329 - INFO - Term 95/129: IYIZIIYIXZZIII
2025-07-13 00:44:19,043 - INFO - coeff=-0.002609 exp=+0.009393 σ=0.010000 → -0.000025
2025-07-13 00:44:19,043 - INFO - Term 96/129: IXZZIIYIYIZIII
2025-07-13 00:44:35,729 - INFO - coeff=+0.002609 exp=-0.005179 σ=0.010000 → -0.000014
2025-07-13 00:44:35,730 - INFO - Term 97/129: IIIIIIIYYZIIII
2025-07-13 00:44:52,388 - INFO - coeff=-0.015525 exp=+0.011562 σ=0.009999 → -0.000179
2025-07-13 00:44:52,389 - INFO - Term 98/129: IIIIIIIXXIIIII
2025-07-13 00:45:08,762 - INFO - coeff=-0.015525 exp=+0.001666 σ=0.010000 → -0.000026
2025-07-13 00:45:08,762 - INFO - Term 99/129: YZIZIIYIXZZIII
2025-07-13 00:45:25,537 - INFO - coeff=-0.000235 exp=+0.019556 σ=0.009998 → -0.000005
2025-07-13 00:45:25,539 - INFO - Term 100/129: XZIZIIYIYIZIII
2025-07-13 00:45:42,627 - INFO - coeff=+0.000235 exp=+0.009176 σ=0.010000 → +0.000002
2025-07-13 00:45:42,628 - INFO - Term 101/129: IIIIIIIIXZZIII
2025-07-13 00:45:59,615 - INFO - coeff=+0.000092 exp=+0.025026 σ=0.009997 → +0.000002
2025-07-13 00:45:59,617 - INFO - Term 102/129: IIIIIIIZXIIIII
2025-07-13 00:46:16,791 - INFO - coeff=-0.000092 exp=+0.004540 σ=0.010000 → -0.000000
2025-07-13 00:46:16,792 - INFO - Term 103/129: IIIIIIXIXZZIII
2025-07-13 00:46:33,702 - INFO - coeff=+0.000208 exp=+0.006188 σ=0.010000 → +0.000001
2025-07-13 00:46:33,702 - INFO - Term 104/129: ZZIZIIYIYIZIII
2025-07-13 00:46:50,878 - INFO - coeff=+0.000208 exp=+0.018779 σ=0.009998 → +0.000004
2025-07-13 00:46:50,878 - INFO - Term 105/129: IZZIIIIIIIIIII
2025-07-13 00:47:07,682 - INFO - coeff=+0.566546 exp=+0.957665 σ=0.002879 → +0.542561
2025-07-13 00:47:07,683 - INFO - Term 106/129: IXZZIIYYZIZIII
2025-07-13 00:47:24,499 - INFO - coeff=-0.001523 exp=-0.002177 σ=0.010000 → +0.000003
2025-07-13 00:47:24,500 - INFO - Term 107/129: IYIZIIYXZIZIII
2025-07-13 00:47:41,225 - INFO - coeff=+0.001523 exp=+0.003031 σ=0.010000 → +0.000005
2025-07-13 00:47:41,226 - INFO - Term 108/129: YYZIIIIIIIIIII
2025-07-13 00:47:58,122 - INFO - coeff=-0.015440 exp=+0.004922 σ=0.010000 → -0.000076
2025-07-13 00:47:58,123 - INFO - Term 109/129: XXIIIIIIIIIIII
2025-07-13 00:48:14,759 - INFO - coeff=-0.015440 exp=-0.002074 σ=0.010000 → +0.000032
2025-07-13 00:48:14,760 - INFO - Term 110/129: IXZZIIXIIIIIII
2025-07-13 00:48:31,673 - INFO - coeff=-0.000009 exp=+0.002043 σ=0.010000 → -0.000000
2025-07-13 00:48:31,673 - INFO - Term 111/129: IYIZIIYZZIZIII
2025-07-13 00:48:49,663 - INFO - coeff=-0.000009 exp=+0.002505 σ=0.010000 → -0.000000
2025-07-13 00:48:49,664 - INFO - Term 112/129: IXZZIIIIIIIIII
2025-07-13 00:49:06,437 - INFO - coeff=+0.000155 exp=+0.004299 σ=0.010000 → +0.000001
2025-07-13 00:49:06,438 - INFO - Term 113/129: ZXIIIIIIIIIIII
2025-07-13 00:49:23,052 - INFO - coeff=-0.000155 exp=+0.010198 σ=0.009999 → -0.000002
2025-07-13 00:49:23,053 - INFO - Term 114/129: IIIIIIIZIIIIII
2025-07-13 00:49:39,969 - INFO - coeff=+0.567637 exp=+0.364209 σ=0.009313 → +0.206738
2025-07-13 00:49:39,970 - INFO - Term 115/129: YZIZIIYXZIZIII
2025-07-13 00:49:56,767 - INFO - coeff=-0.002235 exp=-0.008297 σ=0.010000 → +0.000019
2025-07-13 00:49:56,767 - INFO - Term 116/129: XZIZIIYYZIZIII
2025-07-13 00:50:13,498 - INFO - coeff=+0.002235 exp=-0.007042 σ=0.010000 → -0.000016
2025-07-13 00:50:13,498 - INFO - Term 117/129: IIIIIIIXZIZIII
2025-07-13 00:50:30,223 - INFO - coeff=+0.000087 exp=-0.014076 σ=0.009999 → -0.000001
2025-07-13 00:50:30,224 - INFO - Term 118/129: IIIIIIIXIIIIII
2025-07-13 00:50:46,701 - INFO - coeff=-0.000087 exp=+0.042594 σ=0.009991 → -0.000004
2025-07-13 00:50:46,702 - INFO - Term 119/129: IIIIIIXXZIZIII
2025-07-13 00:51:03,465 - INFO - coeff=+0.000567 exp=+0.057042 σ=0.009984 → +0.000032
2025-07-13 00:51:03,466 - INFO - Term 120/129: ZZIZIIYYZIZIII
2025-07-13 00:51:20,312 - INFO - coeff=+0.000567 exp=+0.044019 σ=0.009990 → +0.000025
2025-07-13 00:51:20,312 - INFO - Term 121/129: ZIIIIIIIIIIIII
2025-07-13 00:51:36,966 - INFO - coeff=+0.570330 exp=-0.990231 σ=0.001394 → -0.564759
2025-07-13 00:51:36,966 - INFO - Term 122/129: XZIZIIXIIIIIII
2025-07-13 00:51:53,689 - INFO - coeff=-0.000006 exp=-0.022220 σ=0.009998 → +0.000000
2025-07-13 00:51:53,689 - INFO - Term 123/129: YZIZIIYZZIZIII
2025-07-13 00:52:10,193 - INFO - coeff=-0.000006 exp=-0.019526 σ=0.009998 → +0.000000
2025-07-13 00:52:10,193 - INFO - Term 124/129: XZIZIIIIIIIIII
2025-07-13 00:52:26,658 - INFO - coeff=+0.000148 exp=-0.007000 σ=0.010000 → -0.000001
2025-07-13 00:52:26,659 - INFO - Term 125/129: XIIIIIIIIIIIII
2025-07-13 00:52:43,289 - INFO - coeff=-0.000148 exp=-0.003871 σ=0.010000 → +0.000001
2025-07-13 00:52:43,289 - INFO - Term 126/129: IIIIIIIZZIZIII
2025-07-13 00:52:59,868 - INFO - coeff=+0.546401 exp=-0.255225 σ=0.009669 → -0.139455
2025-07-13 00:52:59,869 - INFO - Term 127/129: IIIIIIXZZIZIII
2025-07-13 00:53:16,682 - INFO - coeff=-0.001947 exp=-0.007531 σ=0.010000 → +0.000015
2025-07-13 00:53:16,683 - INFO - Term 128/129: ZZIZIIXIIIIIII
2025-07-13 00:53:33,221 - INFO - coeff=+0.001947 exp=+0.015534 σ=0.009999 → +0.000030
2025-07-13 00:53:33,221 - INFO - Term 129/129: ZZIZIIIIIIIIII
2025-07-13 00:53:49,862 - INFO - coeff=+0.557465 exp=-0.956350 σ=0.002922 → -0.533131
2025-07-13 00:53:49,863 - INFO - Total ADAPT-VQE energy = -855.59523331 Ha

2025-07-13 00:59:07,637 - INFO - Run config: {"shots": 10000, "simulator": true, "backend": "ibm_brisbane", "resilience_level": 1}
2025-07-13 00:59:08,043 - INFO - Loaded ADAPT-VQE: 2 excitations, 14 qubits
2025-07-13 00:59:08,043 - INFO - Loaded 2 excitation operators
2025-07-13 00:59:08,047 - INFO - State prep depth: 41
2025-07-13 00:59:08,048 - INFO - Hamiltonian terms: 129
2025-07-13 00:59:08,048 - INFO - Running simulator mode
2025-07-13 00:59:08,048 - INFO - Term 1/129: IIIIIIIIIIIIII
2025-07-13 00:59:09,086 - INFO - coeff=-855.610999 exp=+1.000000 σ=0.000000 → -855.610999
2025-07-13 00:59:09,087 - INFO - Term 2/129: IIIIIIIIIIIIIZ
2025-07-13 00:59:09,751 - INFO - coeff=+0.560653 exp=+1.000000 σ=0.000000 → +0.560653
2025-07-13 00:59:09,752 - INFO - Term 3/129: IIIXIXYIIIXIXX
2025-07-13 00:59:10,458 - INFO - coeff=+0.000004 exp=+0.000000 σ=0.010000 → +0.000000
2025-07-13 00:59:10,459 - INFO - Term 4/129: IIIXIXXIIIXIXY
2025-07-13 00:59:11,181 - INFO - coeff=-0.000004 exp=+0.000000 σ=0.010000 → -0.000000
2025-07-13 00:59:11,181 - INFO - Term 5/129: IIIIIIIIIIIIZX
2025-07-13 00:59:11,887 - INFO - coeff=-0.000311 exp=+0.000000 σ=0.010000 → -0.000000
2025-07-13 00:59:11,888 - INFO - Term 6/129: IIIIIIIIIIIIIX
2025-07-13 00:59:12,572 - INFO - coeff=+0.000311 exp=+0.000000 σ=0.010000 → +0.000000
2025-07-13 00:59:12,572 - INFO - Term 7/129: IIIXIYYIIIXIXX
2025-07-13 00:59:13,280 - INFO - coeff=+0.000053 exp=+0.000000 σ=0.010000 → +0.000000
2025-07-13 00:59:13,280 - INFO - Term 8/129: IIIXIXZIIIXIXY
2025-07-13 00:59:13,947 - INFO - coeff=-0.000053 exp=+0.000000 σ=0.010000 → -0.000000
2025-07-13 00:59:13,947 - INFO - Term 9/129: IIIIIIIIIIIYYX
2025-07-13 00:59:14,614 - INFO - coeff=-0.000148 exp=+0.000000 σ=0.010000 → -0.000000
2025-07-13 00:59:14,614 - INFO - Term 10/129: IIIIIIIIIIIXYY
2025-07-13 00:59:15,277 - INFO - coeff=+0.000148 exp=+0.000000 σ=0.010000 → +0.000000
2025-07-13 00:59:15,277 - INFO - Term 11/129: IIIXYZYIIIXIXX
2025-07-13 00:59:15,952 - INFO - coeff=+0.000033 exp=+0.000000 σ=0.010000 → +0.000000
2025-07-13 00:59:15,952 - INFO - Term 12/129: IIIXXZYIIIXIXY
2025-07-13 00:59:16,619 - INFO - coeff=-0.000033 exp=+0.000000 σ=0.010000 → -0.000000
2025-07-13 00:59:16,619 - INFO - Term 13/129: IIIIIIIIIIZIXX
2025-07-13 00:59:17,284 - INFO - coeff=-0.000012 exp=+0.000000 σ=0.010000 → -0.000000
2025-07-13 00:59:17,284 - INFO - Term 14/129: IIIIIIIIIIIZYY
2025-07-13 00:59:17,921 - INFO - coeff=-0.000012 exp=+0.000000 σ=0.010000 → -0.000000
2025-07-13 00:59:17,921 - INFO - Term 15/129: IIIYIIYIIIXIXX
2025-07-13 00:59:18,565 - INFO - coeff=-0.009790 exp=+0.000000 σ=0.010000 → -0.000000
2025-07-13 00:59:18,565 - INFO - Term 16/129: IIIXZZYIIIXIXY
2025-07-13 00:59:19,210 - INFO - coeff=+0.009790 exp=+0.000000 σ=0.010000 → +0.000000
2025-07-13 00:59:19,211 - INFO - Term 17/129: IIIIIIZIIIIIII
2025-07-13 00:59:20,123 - INFO - coeff=+0.603951 exp=-0.991827 σ=0.001276 → -0.599015
2025-07-13 00:59:20,124 - INFO - Term 18/129: IIIXIXXIIIXIYI
2025-07-13 00:59:20,902 - INFO - coeff=-0.000009 exp=+0.000000 σ=0.010000 → -0.000000
2025-07-13 00:59:20,903 - INFO - Term 19/129: IIIXIXYIIIXIXZ
2025-07-13 00:59:21,588 - INFO - coeff=+0.000009 exp=+0.000000 σ=0.010000 → +0.000000
2025-07-13 00:59:21,588 - INFO - Term 20/129: IIIIIZXIIIIIII
2025-07-13 00:59:22,240 - INFO - coeff=+0.000423 exp=+0.000000 σ=0.010000 → +0.000000
2025-07-13 00:59:22,241 - INFO - Term 21/129: IIIIIIXIIIIIII
2025-07-13 00:59:22,888 - INFO - coeff=-0.000423 exp=+0.000000 σ=0.010000 → -0.000000
2025-07-13 00:59:22,889 - INFO - Term 22/129: IIIXIXXIIIXYZI
2025-07-13 00:59:23,557 - INFO - coeff=+0.000042 exp=+0.000000 σ=0.010000 → +0.000000
2025-07-13 00:59:23,557 - INFO - Term 23/129: IIIXIXYIIIXXZI
2025-07-13 00:59:24,216 - INFO - coeff=-0.000042 exp=+0.000000 σ=0.010000 → -0.000000
2025-07-13 00:59:24,216 - INFO - Term 24/129: IIIIYYXIIIIIII
2025-07-13 00:59:24,864 - INFO - coeff=+0.000285 exp=+0.000000 σ=0.010000 → +0.000000
2025-07-13 00:59:24,865 - INFO - Term 25/129: IIIIXYYIIIIIII
2025-07-13 00:59:25,524 - INFO - coeff=-0.000285 exp=+0.000000 σ=0.010000 → -0.000000
2025-07-13 00:59:25,524 - INFO - Term 26/129: IIIXIXXIIIYIII
2025-07-13 00:59:26,191 - INFO - coeff=+0.000187 exp=+0.000000 σ=0.010000 → +0.000000
2025-07-13 00:59:26,191 - INFO - Term 27/129: IIIXIXYIIIXZZI
2025-07-13 00:59:26,913 - INFO - coeff=-0.000187 exp=+0.000000 σ=0.010000 → -0.000000
2025-07-13 00:59:26,913 - INFO - Term 28/129: IIIZIXXIIIIIII
2025-07-13 00:59:27,602 - INFO - coeff=+0.000263 exp=+0.000000 σ=0.010000 → +0.000000
2025-07-13 00:59:27,602 - INFO - Term 29/129: IIIIZYYIIIIIII
2025-07-13 00:59:28,282 - INFO - coeff=+0.000263 exp=+0.000000 σ=0.010000 → +0.000000
2025-07-13 00:59:28,283 - INFO - Term 30/129: IIIIIIIIIIIIZZ
2025-07-13 00:59:28,945 - INFO - coeff=+0.566856 exp=+0.991827 σ=0.001276 → +0.562223
2025-07-13 00:59:28,945 - INFO - Term 31/129: IIIXIYYIIIXIXZ
2025-07-13 00:59:29,609 - INFO - coeff=-0.002609 exp=+0.000000 σ=0.010000 → -0.000000
2025-07-13 00:59:29,609 - INFO - Term 32/129: IIIXIXZIIIXIYI
2025-07-13 00:59:30,289 - INFO - coeff=+0.002609 exp=+0.000000 σ=0.010000 → +0.000000
2025-07-13 00:59:30,289 - INFO - Term 33/129: IIIIIIIIIIIYYZ
2025-07-13 00:59:30,960 - INFO - coeff=-0.015525 exp=+0.000000 σ=0.010000 → -0.000000
2025-07-13 00:59:30,960 - INFO - Term 34/129: IIIIIIIIIIIXXI
2025-07-13 00:59:31,630 - INFO - coeff=-0.015525 exp=+0.000000 σ=0.010000 → -0.000000
2025-07-13 00:59:31,630 - INFO - Term 35/129: IIIXYZYIIIXIXZ
2025-07-13 00:59:32,292 - INFO - coeff=-0.000235 exp=+0.000000 σ=0.010000 → -0.000000
2025-07-13 00:59:32,292 - INFO - Term 36/129: IIIXXZYIIIXIYI
2025-07-13 00:59:32,958 - INFO - coeff=+0.000235 exp=+0.000000 σ=0.010000 → +0.000000
2025-07-13 00:59:32,959 - INFO - Term 37/129: IIIIIIIIIIZIXZ
2025-07-13 00:59:33,608 - INFO - coeff=+0.000092 exp=+0.000000 σ=0.010000 → +0.000000
2025-07-13 00:59:33,608 - INFO - Term 38/129: IIIIIIIIIIIZXI
2025-07-13 00:59:34,268 - INFO - coeff=-0.000092 exp=+0.000000 σ=0.010000 → -0.000000
2025-07-13 00:59:34,268 - INFO - Term 39/129: IIIYIIYIIIXIXZ
2025-07-13 00:59:34,955 - INFO - coeff=-0.000208 exp=+0.000000 σ=0.010000 → -0.000000
2025-07-13 00:59:34,955 - INFO - Term 40/129: IIIXZZYIIIXIYI
2025-07-13 00:59:35,657 - INFO - coeff=+0.000208 exp=+0.000000 σ=0.010000 → +0.000000
2025-07-13 00:59:35,657 - INFO - Term 41/129: IIIIIZZIIIIIII
2025-07-13 00:59:36,327 - INFO - coeff=+0.566546 exp=+1.000000 σ=0.000000 → +0.566546
2025-07-13 00:59:36,328 - INFO - Term 42/129: IIIXIXZIIIXYZI
2025-07-13 00:59:36,992 - INFO - coeff=-0.001523 exp=+0.000000 σ=0.010000 → -0.000000
2025-07-13 00:59:36,992 - INFO - Term 43/129: IIIXIYYIIIXXZI
2025-07-13 00:59:37,629 - INFO - coeff=+0.001523 exp=+0.000000 σ=0.010000 → +0.000000
2025-07-13 00:59:37,629 - INFO - Term 44/129: IIIIYYZIIIIIII
2025-07-13 00:59:38,283 - INFO - coeff=-0.015440 exp=+0.000000 σ=0.010000 → -0.000000
2025-07-13 00:59:38,284 - INFO - Term 45/129: IIIIXXIIIIIIII
2025-07-13 00:59:38,934 - INFO - coeff=-0.015440 exp=+0.000000 σ=0.010000 → -0.000000
2025-07-13 00:59:38,935 - INFO - Term 46/129: IIIXIXZIIIYIII
2025-07-13 00:59:39,585 - INFO - coeff=+0.000009 exp=+0.000000 σ=0.010000 → +0.000000
2025-07-13 00:59:39,585 - INFO - Term 47/129: IIIXIYYIIIXZZI
2025-07-13 00:59:40,248 - INFO - coeff=-0.000009 exp=+0.000000 σ=0.010000 → -0.000000
2025-07-13 00:59:40,248 - INFO - Term 48/129: IIIZIXZIIIIIII
2025-07-13 00:59:40,915 - INFO - coeff=+0.000155 exp=+0.000000 σ=0.010000 → +0.000000
2025-07-13 00:59:40,916 - INFO - Term 49/129: IIIIZXIIIIIIII
2025-07-13 00:59:41,591 - INFO - coeff=-0.000155 exp=+0.000000 σ=0.010000 → -0.000000
2025-07-13 00:59:41,591 - INFO - Term 50/129: IIIIIIIIIIIZII
2025-07-13 00:59:42,261 - INFO - coeff=+0.567637 exp=+0.991827 σ=0.001276 → +0.562998
2025-07-13 00:59:42,261 - INFO - Term 51/129: IIIXYZYIIIXXZI
2025-07-13 00:59:42,935 - INFO - coeff=-0.002235 exp=+0.000000 σ=0.010000 → -0.000000
2025-07-13 00:59:42,935 - INFO - Term 52/129: IIIXXZYIIIXYZI
2025-07-13 00:59:43,589 - INFO - coeff=+0.002235 exp=+0.000000 σ=0.010000 → +0.000000
2025-07-13 00:59:43,589 - INFO - Term 53/129: IIIIIIIIIIZXZI
2025-07-13 00:59:44,255 - INFO - coeff=+0.000087 exp=+0.000000 σ=0.010000 → +0.000000
2025-07-13 00:59:44,255 - INFO - Term 54/129: IIIIIIIIIIIXII
2025-07-13 00:59:44,912 - INFO - coeff=-0.000087 exp=+0.000000 σ=0.010000 → -0.000000
2025-07-13 00:59:44,912 - INFO - Term 55/129: IIIYIIYIIIXXZI
2025-07-13 00:59:45,577 - INFO - coeff=-0.000567 exp=+0.000000 σ=0.010000 → -0.000000
2025-07-13 00:59:45,578 - INFO - Term 56/129: IIIXZZYIIIXYZI
2025-07-13 00:59:46,228 - INFO - coeff=+0.000567 exp=+0.000000 σ=0.010000 → +0.000000
2025-07-13 00:59:46,228 - INFO - Term 57/129: IIIIZIIIIIIIII
2025-07-13 00:59:46,896 - INFO - coeff=+0.570330 exp=-1.000000 σ=0.000000 → -0.570330
2025-07-13 00:59:46,896 - INFO - Term 58/129: IIIXXZYIIIYIII
2025-07-13 00:59:47,551 - INFO - coeff=+0.000006 exp=+0.000000 σ=0.010000 → +0.000000
2025-07-13 00:59:47,551 - INFO - Term 59/129: IIIXYZYIIIXZZI
2025-07-13 00:59:48,233 - INFO - coeff=-0.000006 exp=+0.000000 σ=0.010000 → -0.000000
2025-07-13 00:59:48,234 - INFO - Term 60/129: IIIZXZIIIIIIII
2025-07-13 00:59:48,895 - INFO - coeff=+0.000148 exp=+0.000000 σ=0.010000 → +0.000000
2025-07-13 00:59:48,895 - INFO - Term 61/129: IIIIXIIIIIIIII
2025-07-13 00:59:49,546 - INFO - coeff=-0.000148 exp=+0.000000 σ=0.010000 → -0.000000
2025-07-13 00:59:49,547 - INFO - Term 62/129: IIIIIIIIIIZZZI
2025-07-13 00:59:50,217 - INFO - coeff=+0.546401 exp=+1.000000 σ=0.000000 → +0.546401
2025-07-13 00:59:50,217 - INFO - Term 63/129: IIIYIIYIIIXZZI
2025-07-13 00:59:50,894 - INFO - coeff=+0.001947 exp=+0.000000 σ=0.010000 → +0.000000
2025-07-13 00:59:50,895 - INFO - Term 64/129: IIIXZZYIIIYIII
2025-07-13 00:59:51,600 - INFO - coeff=-0.001947 exp=+0.000000 σ=0.010000 → -0.000000
2025-07-13 00:59:51,600 - INFO - Term 65/129: IIIZZZIIIIIIII
2025-07-13 00:59:52,260 - INFO - coeff=+0.557465 exp=-0.991827 σ=0.001276 → -0.552909
2025-07-13 00:59:52,260 - INFO - Term 66/129: IIIIIIIIIZIIII
2025-07-13 00:59:52,921 - INFO - coeff=+0.560653 exp=+1.000000 σ=0.000000 → +0.560653
2025-07-13 00:59:52,921 - INFO - Term 67/129: IXYZIIYIXXZIII
2025-07-13 00:59:53,572 - INFO - coeff=+0.000004 exp=+0.000000 σ=0.010000 → +0.000000
2025-07-13 00:59:53,572 - INFO - Term 68/129: IXXZIIYIXYZIII
2025-07-13 00:59:54,239 - INFO - coeff=-0.000004 exp=+0.000000 σ=0.010000 → -0.000000
2025-07-13 00:59:54,239 - INFO - Term 69/129: IIIIIIIIZXIIII
2025-07-13 00:59:54,902 - INFO - coeff=-0.000311 exp=+0.000000 σ=0.010000 → -0.000000
2025-07-13 00:59:54,902 - INFO - Term 70/129: IIIIIIIIIXIIII
2025-07-13 00:59:55,568 - INFO - coeff=+0.000311 exp=+0.000000 σ=0.010000 → +0.000000
2025-07-13 00:59:55,568 - INFO - Term 71/129: IYIZIIYIXXZIII
2025-07-13 00:59:56,243 - INFO - coeff=+0.000053 exp=+0.000000 σ=0.010000 → +0.000000
2025-07-13 00:59:56,243 - INFO - Term 72/129: IXZZIIYIXYZIII
2025-07-13 00:59:56,909 - INFO - coeff=-0.000053 exp=+0.000000 σ=0.010000 → -0.000000
2025-07-13 00:59:56,910 - INFO - Term 73/129: IIIIIIIYYXIIII
2025-07-13 00:59:57,562 - INFO - coeff=-0.000148 exp=+0.000000 σ=0.010000 → -0.000000
2025-07-13 00:59:57,562 - INFO - Term 74/129: IIIIIIIXYYIIII
2025-07-13 00:59:58,220 - INFO - coeff=+0.000148 exp=+0.000000 σ=0.010000 → +0.000000
2025-07-13 00:59:58,220 - INFO - Term 75/129: YZIZIIYIXXZIII
2025-07-13 00:59:58,888 - INFO - coeff=+0.000033 exp=+0.000000 σ=0.010000 → +0.000000
2025-07-13 00:59:58,889 - INFO - Term 76/129: XZIZIIYIXYZIII
2025-07-13 00:59:59,558 - INFO - coeff=-0.000033 exp=+0.000000 σ=0.010000 → -0.000000
2025-07-13 00:59:59,559 - INFO - Term 77/129: IIIIIIIIXXZIII
2025-07-13 01:00:00,249 - INFO - coeff=-0.000012 exp=+0.000000 σ=0.010000 → -0.000000
2025-07-13 01:00:00,250 - INFO - Term 78/129: IIIIIIIZYYIIII
2025-07-13 01:00:00,930 - INFO - coeff=-0.000012 exp=+0.000000 σ=0.010000 → -0.000000
2025-07-13 01:00:00,930 - INFO - Term 79/129: IIIIIIXIXXZIII
2025-07-13 01:00:01,589 - INFO - coeff=+0.009790 exp=+0.000000 σ=0.010000 → +0.000000
2025-07-13 01:00:01,589 - INFO - Term 80/129: ZZIZIIYIXYZIII
2025-07-13 01:00:02,243 - INFO - coeff=+0.009790 exp=+0.000000 σ=0.010000 → +0.000000
2025-07-13 01:00:02,243 - INFO - Term 81/129: IIZIIIIIIIIIII
2025-07-13 01:00:02,897 - INFO - coeff=+0.603951 exp=-1.000000 σ=0.000000 → -0.603951
2025-07-13 01:00:02,897 - INFO - Term 82/129: IXXZIIYIYIZIII
2025-07-13 01:00:03,577 - INFO - coeff=-0.000009 exp=+0.000000 σ=0.010000 → -0.000000
2025-07-13 01:00:03,577 - INFO - Term 83/129: IXYZIIYIXZZIII
2025-07-13 01:00:04,246 - INFO - coeff=+0.000009 exp=+0.000000 σ=0.010000 → +0.000000
2025-07-13 01:00:04,246 - INFO - Term 84/129: IZXIIIIIIIIIII
2025-07-13 01:00:04,919 - INFO - coeff=+0.000423 exp=+0.000000 σ=0.010000 → +0.000000
2025-07-13 01:00:04,919 - INFO - Term 85/129: IIXIIIIIIIIIII
2025-07-13 01:00:05,620 - INFO - coeff=-0.000423 exp=+0.000000 σ=0.010000 → -0.000000
2025-07-13 01:00:05,620 - INFO - Term 86/129: IXXZIIYYZIZIII
2025-07-13 01:00:06,292 - INFO - coeff=+0.000042 exp=+0.000000 σ=0.010000 → +0.000000
2025-07-13 01:00:06,292 - INFO - Term 87/129: IXYZIIYXZIZIII
2025-07-13 01:00:06,969 - INFO - coeff=-0.000042 exp=+0.000000 σ=0.010000 → -0.000000
2025-07-13 01:00:06,970 - INFO - Term 88/129: YYXIIIIIIIIIII
2025-07-13 01:00:07,627 - INFO - coeff=+0.000285 exp=+0.000000 σ=0.010000 → +0.000000
2025-07-13 01:00:07,627 - INFO - Term 89/129: XYYIIIIIIIIIII
2025-07-13 01:00:08,283 - INFO - coeff=-0.000285 exp=+0.000000 σ=0.010000 → -0.000000
2025-07-13 01:00:08,283 - INFO - Term 90/129: IXXZIIXIIIIIII
2025-07-13 01:00:08,948 - INFO - coeff=-0.000187 exp=+0.000000 σ=0.010000 → -0.000000
2025-07-13 01:00:08,948 - INFO - Term 91/129: IXYZIIYZZIZIII
2025-07-13 01:00:09,618 - INFO - coeff=-0.000187 exp=+0.000000 σ=0.010000 → -0.000000
2025-07-13 01:00:09,618 - INFO - Term 92/129: IXXZIIIIIIIIII
2025-07-13 01:00:10,276 - INFO - coeff=+0.000263 exp=+0.000000 σ=0.010000 → +0.000000
2025-07-13 01:00:10,276 - INFO - Term 93/129: ZYYIIIIIIIIIII
2025-07-13 01:00:10,923 - INFO - coeff=+0.000263 exp=+0.000000 σ=0.010000 → +0.000000
2025-07-13 01:00:10,923 - INFO - Term 94/129: IIIIIIIIZZIIII
2025-07-13 01:00:11,597 - INFO - coeff=+0.566856 exp=+1.000000 σ=0.000000 → +0.566856
2025-07-13 01:00:11,597 - INFO - Term 95/129: IYIZIIYIXZZIII
2025-07-13 01:00:12,263 - INFO - coeff=-0.002609 exp=+0.000000 σ=0.010000 → -0.000000
2025-07-13 01:00:12,263 - INFO - Term 96/129: IXZZIIYIYIZIII
2025-07-13 01:00:12,933 - INFO - coeff=+0.002609 exp=+0.000000 σ=0.010000 → +0.000000
2025-07-13 01:00:12,933 - INFO - Term 97/129: IIIIIIIYYZIIII
2025-07-13 01:00:13,586 - INFO - coeff=-0.015525 exp=+0.000000 σ=0.010000 → -0.000000
2025-07-13 01:00:13,586 - INFO - Term 98/129: IIIIIIIXXIIIII
2025-07-13 01:00:14,245 - INFO - coeff=-0.015525 exp=+0.000000 σ=0.010000 → -0.000000
2025-07-13 01:00:14,245 - INFO - Term 99/129: YZIZIIYIXZZIII
2025-07-13 01:00:14,917 - INFO - coeff=-0.000235 exp=+0.000000 σ=0.010000 → -0.000000
2025-07-13 01:00:14,917 - INFO - Term 100/129: XZIZIIYIYIZIII
2025-07-13 01:00:15,570 - INFO - coeff=+0.000235 exp=+0.000000 σ=0.010000 → +0.000000
2025-07-13 01:00:15,570 - INFO - Term 101/129: IIIIIIIIXZZIII
2025-07-13 01:00:16,232 - INFO - coeff=+0.000092 exp=+0.000000 σ=0.010000 → +0.000000
2025-07-13 01:00:16,233 - INFO - Term 102/129: IIIIIIIZXIIIII
2025-07-13 01:00:16,897 - INFO - coeff=-0.000092 exp=+0.000000 σ=0.010000 → -0.000000
2025-07-13 01:00:16,897 - INFO - Term 103/129: IIIIIIXIXZZIII
2025-07-13 01:00:17,546 - INFO - coeff=+0.000208 exp=+0.000000 σ=0.010000 → +0.000000
2025-07-13 01:00:17,546 - INFO - Term 104/129: ZZIZIIYIYIZIII
2025-07-13 01:00:18,213 - INFO - coeff=+0.000208 exp=+0.000000 σ=0.010000 → +0.000000
2025-07-13 01:00:18,213 - INFO - Term 105/129: IZZIIIIIIIIIII
2025-07-13 01:00:18,874 - INFO - coeff=+0.566546 exp=+1.000000 σ=0.000000 → +0.566546
2025-07-13 01:00:18,875 - INFO - Term 106/129: IXZZIIYYZIZIII
2025-07-13 01:00:19,576 - INFO - coeff=-0.001523 exp=+0.000000 σ=0.010000 → -0.000000
2025-07-13 01:00:19,576 - INFO - Term 107/129: IYIZIIYXZIZIII
2025-07-13 01:00:20,420 - INFO - coeff=+0.001523 exp=+0.000000 σ=0.010000 → +0.000000
2025-07-13 01:00:20,420 - INFO - Term 108/129: YYZIIIIIIIIIII
2025-07-13 01:00:21,096 - INFO - coeff=-0.015440 exp=+0.000000 σ=0.010000 → -0.000000
2025-07-13 01:00:21,097 - INFO - Term 109/129: XXIIIIIIIIIIII
2025-07-13 01:00:21,728 - INFO - coeff=-0.015440 exp=+0.000000 σ=0.010000 → -0.000000
2025-07-13 01:00:21,729 - INFO - Term 110/129: IXZZIIXIIIIIII
2025-07-13 01:00:22,364 - INFO - coeff=-0.000009 exp=+0.000000 σ=0.010000 → -0.000000
2025-07-13 01:00:22,365 - INFO - Term 111/129: IYIZIIYZZIZIII
2025-07-13 01:00:23,046 - INFO - coeff=-0.000009 exp=+0.000000 σ=0.010000 → -0.000000
2025-07-13 01:00:23,047 - INFO - Term 112/129: IXZZIIIIIIIIII
2025-07-13 01:00:23,724 - INFO - coeff=+0.000155 exp=+0.000000 σ=0.010000 → +0.000000
2025-07-13 01:00:23,725 - INFO - Term 113/129: ZXIIIIIIIIIIII
2025-07-13 01:00:24,406 - INFO - coeff=-0.000155 exp=+0.000000 σ=0.010000 → -0.000000
2025-07-13 01:00:24,406 - INFO - Term 114/129: IIIIIIIZIIIIII
2025-07-13 01:00:25,113 - INFO - coeff=+0.567637 exp=-1.000000 σ=0.000000 → -0.567637
2025-07-13 01:00:25,113 - INFO - Term 115/129: YZIZIIYXZIZIII
2025-07-13 01:00:25,785 - INFO - coeff=-0.002235 exp=+0.000000 σ=0.010000 → -0.000000
2025-07-13 01:00:25,785 - INFO - Term 116/129: XZIZIIYYZIZIII
2025-07-13 01:00:26,445 - INFO - coeff=+0.002235 exp=+0.000000 σ=0.010000 → +0.000000
2025-07-13 01:00:26,445 - INFO - Term 117/129: IIIIIIIXZIZIII
2025-07-13 01:00:27,127 - INFO - coeff=+0.000087 exp=+0.000000 σ=0.010000 → +0.000000
2025-07-13 01:00:27,127 - INFO - Term 118/129: IIIIIIIXIIIIII
2025-07-13 01:00:27,796 - INFO - coeff=-0.000087 exp=+0.000000 σ=0.010000 → -0.000000
2025-07-13 01:00:27,797 - INFO - Term 119/129: IIIIIIXXZIZIII
2025-07-13 01:00:28,456 - INFO - coeff=+0.000567 exp=+0.000000 σ=0.010000 → +0.000000
2025-07-13 01:00:28,456 - INFO - Term 120/129: ZZIZIIYYZIZIII
2025-07-13 01:00:29,125 - INFO - coeff=+0.000567 exp=+0.000000 σ=0.010000 → +0.000000
2025-07-13 01:00:29,126 - INFO - Term 121/129: ZIIIIIIIIIIIII
2025-07-13 01:00:29,795 - INFO - coeff=+0.570330 exp=-1.000000 σ=0.000000 → -0.570330
2025-07-13 01:00:29,795 - INFO - Term 122/129: XZIZIIXIIIIIII
2025-07-13 01:00:30,459 - INFO - coeff=-0.000006 exp=+0.000000 σ=0.010000 → -0.000000
2025-07-13 01:00:30,459 - INFO - Term 123/129: YZIZIIYZZIZIII
2025-07-13 01:00:31,133 - INFO - coeff=-0.000006 exp=+0.000000 σ=0.010000 → -0.000000
2025-07-13 01:00:31,134 - INFO - Term 124/129: XZIZIIIIIIIIII
2025-07-13 01:00:31,795 - INFO - coeff=+0.000148 exp=+0.000000 σ=0.010000 → +0.000000
2025-07-13 01:00:31,795 - INFO - Term 125/129: XIIIIIIIIIIIII
2025-07-13 01:00:32,443 - INFO - coeff=-0.000148 exp=+0.000000 σ=0.010000 → -0.000000
2025-07-13 01:00:32,444 - INFO - Term 126/129: IIIIIIIZZIZIII
2025-07-13 01:00:33,104 - INFO - coeff=+0.546401 exp=-1.000000 σ=0.000000 → -0.546401
2025-07-13 01:00:33,104 - INFO - Term 127/129: IIIIIIXZZIZIII
2025-07-13 01:00:33,757 - INFO - coeff=-0.001947 exp=+0.000000 σ=0.010000 → -0.000000
2025-07-13 01:00:33,757 - INFO - Term 128/129: ZZIZIIXIIIIIII
2025-07-13 01:00:34,418 - INFO - coeff=+0.001947 exp=+0.000000 σ=0.010000 → +0.000000
2025-07-13 01:00:34,418 - INFO - Term 129/129: ZZIZIIIIIIIIII
2025-07-13 01:00:35,068 - INFO - coeff=+0.557465 exp=-1.000000 σ=0.000000 → -0.557465
2025-07-13 01:00:35,069 - INFO - Total ADAPT-VQE energy = -855.68616200 Ha
