converged SCF energy = -846.706141249835
geometric-optimize called with the following command line:
scripts/geom_opt_pyscf.py

                                        [91m())))))))))))))))/[0m                     
                                    [91m())))))))))))))))))))))))),[0m                
                                [91m*)))))))))))))))))))))))))))))))))[0m             
                        [94m#,[0m    [91m()))))))))/[0m                [91m.)))))))))),[0m          
                      [94m#%%%%,[0m  [91m())))))[0m                        [91m.))))))))*[0m        
                      [94m*%%%%%%,[0m  [91m))[0m              [93m..[0m              [91m,))))))).[0m      
                        [94m*%%%%%%,[0m         [93m***************/.[0m        [91m.)))))))[0m     
                [94m#%%/[0m      [94m(%%%%%%,[0m    [93m/*********************.[0m       [91m)))))))[0m    
              [94m.%%%%%%#[0m      [94m*%%%%%%,[0m  [93m*******/,[0m     [93m**********,[0m      [91m.))))))[0m   
                [94m.%%%%%%/[0m      [94m*%%%%%%,[0m  [93m**[0m              [93m********[0m      [91m.))))))[0m  
          [94m##[0m      [94m.%%%%%%/[0m      [94m(%%%%%%,[0m                  [93m,******[0m      [91m/)))))[0m  
        [94m%%%%%%[0m      [94m.%%%%%%#[0m      [94m*%%%%%%,[0m    [92m,/////.[0m       [93m******[0m      [91m))))))[0m 
      [94m#%[0m      [94m%%[0m      [94m.%%%%%%/[0m      [94m*%%%%%%,[0m  [92m////////,[0m      [93m*****/[0m     [91m,)))))[0m 
    [94m#%%[0m  [94m%%%[0m  [94m%%%#[0m      [94m.%%%%%%/[0m      [94m(%%%%%%,[0m  [92m///////.[0m     [93m/*****[0m      [91m))))).[0m
  [94m#%%%%.[0m      [94m%%%%%#[0m      [94m/%%%%%%*[0m      [94m#%%%%%%[0m   [92m/////)[0m     [93m******[0m      [91m))))),[0m
    [94m#%%%%##%[0m  [94m%%%#[0m      [94m.%%%%%%/[0m      [94m(%%%%%%,[0m  [92m///////.[0m     [93m/*****[0m      [91m))))).[0m
      [94m##[0m     [94m%%%[0m      [94m.%%%%%%/[0m      [94m*%%%%%%,[0m  [92m////////.[0m      [93m*****/[0m     [91m,)))))[0m 
        [94m#%%%%#[0m      [94m/%%%%%%/[0m      [94m(%%%%%%[0m      [92m/)/)//[0m       [93m******[0m      [91m))))))[0m 
          [94m##[0m      [94m.%%%%%%/[0m      [94m(%%%%%%,[0m                  [93m*******[0m      [91m))))))[0m  
                [94m.%%%%%%/[0m      [94m*%%%%%%,[0m  [93m**.[0m             [93m/*******[0m      [91m.))))))[0m  
              [94m*%%%%%%/[0m      [94m(%%%%%%[0m   [93m********/*..,*/*********[0m       [91m*))))))[0m   
                [94m#%%/[0m      [94m(%%%%%%,[0m    [93m*********************/[0m        [91m)))))))[0m    
                        [94m*%%%%%%,[0m         [93m,**************/[0m         [91m,))))))/[0m     
                      [94m(%%%%%%[0m   [91m()[0m                              [91m))))))))[0m       
                      [94m#%%%%,[0m  [91m())))))[0m                        [91m,)))))))),[0m        
                        [94m#,[0m    [91m())))))))))[0m                [91m,)))))))))).[0m          
                                 [91m()))))))))))))))))))))))))))))))/[0m             
                                    [91m())))))))))))))))))))))))).[0m                
                                         [91m())))))))))))))),[0m                     

-=# [1;94m geomeTRIC started. Version: 1.1 [0m #=-
Current date and time: 2025-06-30 02:09:59
#========================================================#
#| [92m    Arguments passed to driver run_optimizer():     [0m |#
#========================================================#
customengine              <pyscf.geomopt.geometric_solver.PySCFEngine object at 0x10dfb5010> 
input                     /var/folders/58/lygqmhgd1hlc8wz2cn49f70w0000gn/T/tmpedm4z05r/340bb453-aa8e-4523-ba22-325309e3df2c 
logIni                    /Users/omtailor/P3/.venv/lib/python3.13/site-packages/pyscf/geomopt/log.ini 
----------------------------------------------------------
Custom engine selected.
Bonds will be generated from interatomic distances less than 1.20 times sum of covalent radii
63 internal coordinates being used (instead of 63 Cartesians)
Internal coordinate system (atoms numbered from 1):
Distance 1-4
Distance 1-5
Distance 2-3
Distance 2-4
Distance 2-6
Distance 3-5
Distance 3-7
Distance 4-8
Distance 5-9
Distance 6-10
Distance 6-14
Distance 7-11
Distance 7-15
Distance 8-12
Distance 8-16
Distance 9-13
Distance 9-17
Distance 10-12
Distance 10-18
Distance 11-13
Distance 11-19
Distance 12-20
Distance 13-21
Angle 4-1-5
Angle 3-2-6
Angle 4-2-6
Angle 2-3-7
Angle 5-3-7
Angle 1-4-8
Angle 2-4-8
Angle 1-5-9
Angle 3-5-9
Angle 2-6-14
Angle 10-6-14
Angle 3-7-15
Angle 11-7-15
Angle 4-8-16
Angle 12-8-16
Angle 5-9-17
Angle 13-9-17
Angle 6-10-18
Angle 12-10-18
Angle 7-11-19
Angle 13-11-19
Angle 8-12-20
Angle 10-12-20
Angle 9-13-21
Angle 11-13-21
Out-of-Plane 2-3-4-6
Out-of-Plane 3-2-5-7
Out-of-Plane 4-1-2-8
Out-of-Plane 5-1-3-9
Out-of-Plane 6-2-10-14
Out-of-Plane 7-3-11-15
Out-of-Plane 8-4-12-16
Out-of-Plane 9-5-13-17
Out-of-Plane 10-6-12-18
Out-of-Plane 11-7-13-19
Out-of-Plane 12-8-10-20
Out-of-Plane 13-9-11-21
Dihedral 5-1-4-2
Dihedral 5-1-4-8
Dihedral 4-1-5-3
Dihedral 4-1-5-9
Dihedral 4-2-3-5
Dihedral 4-2-3-7
Dihedral 6-2-3-5
Dihedral 6-2-3-7
Dihedral 3-2-4-1
Dihedral 3-2-4-8
Dihedral 6-2-4-1
Dihedral 6-2-4-8
Dihedral 3-2-6-10
Dihedral 3-2-6-14
Dihedral 4-2-6-10
Dihedral 4-2-6-14
Dihedral 2-3-5-1
Dihedral 2-3-5-9
Dihedral 7-3-5-1
Dihedral 7-3-5-9
Dihedral 2-3-7-11
Dihedral 2-3-7-15
Dihedral 5-3-7-11
Dihedral 5-3-7-15
Dihedral 1-4-8-12
Dihedral 1-4-8-16
Dihedral 2-4-8-12
Dihedral 2-4-8-16
Dihedral 1-5-9-13
Dihedral 1-5-9-17
Dihedral 3-5-9-13
Dihedral 3-5-9-17
Dihedral 2-6-10-12
Dihedral 2-6-10-18
Dihedral 14-6-10-12
Dihedral 14-6-10-18
Dihedral 3-7-11-13
Dihedral 3-7-11-19
Dihedral 15-7-11-13
Dihedral 15-7-11-19
Dihedral 4-8-12-10
Dihedral 4-8-12-20
Dihedral 16-8-12-10
Dihedral 16-8-12-20
Dihedral 5-9-13-11
Dihedral 5-9-13-21
Dihedral 17-9-13-11
Dihedral 17-9-13-21
Dihedral 6-10-12-8
Dihedral 6-10-12-20
Dihedral 18-10-12-8
Dihedral 18-10-12-20
Dihedral 7-11-13-9
Dihedral 7-11-13-21
Dihedral 19-11-13-9
Dihedral 19-11-13-21
Translation-X 1-21
Translation-Y 1-21
Translation-Z 1-21
Rotation-A 1-21
Rotation-B 1-21
Rotation-C 1-21
<class 'geometric.internal.Distance'> : 23
<class 'geometric.internal.Angle'> : 25
<class 'geometric.internal.OutOfPlane'> : 12
<class 'geometric.internal.Dihedral'> : 56
<class 'geometric.internal.TranslationX'> : 1
<class 'geometric.internal.TranslationY'> : 1
<class 'geometric.internal.TranslationZ'> : 1
<class 'geometric.internal.RotationA'> : 1
<class 'geometric.internal.RotationB'> : 1
<class 'geometric.internal.RotationC'> : 1
> ===== Optimization Info: ====
> Job type: Energy minimization
> Maximum number of optimization cycles: 300
> Initial / maximum trust radius (Angstrom): 0.100 / 0.300
> Convergence Criteria:
> Will converge when all 5 criteria are reached:
>  |Delta-E| < 1.00e-06
>  RMS-Grad  < 3.00e-04
>  Max-Grad  < 4.50e-04
>  RMS-Disp  < 1.20e-03
>  Max-Disp  < 1.80e-03
> === End Optimization Info ===

Geometry optimization cycle 1
Cartesian coordinates (Angstrom)
 Atom        New coordinates             dX        dY        dZ
   S   0.002030  -1.840240   0.013280    0.000000  0.000000  0.000000
   C  -0.729400   0.630900   0.002060    0.000000  0.000000  0.000000
   C   0.722660   0.634480  -0.004920    0.000000  0.000000  0.000000
   C  -1.246560  -0.664500   0.017330    0.000000  0.000000  0.000000
   C   1.245530  -0.659040   0.011580    0.000000  0.000000  0.000000
   C  -1.653120   1.710070   0.004370    0.000000  0.000000  0.000000
   C   1.641580   1.717070  -0.015890    0.000000 -0.000000  0.000000
   C  -2.634990  -0.908760   0.035660    0.000000  0.000000  0.000000
   C   2.634900  -0.897350   0.025180    0.000000  0.000000  0.000000
   C  -3.030890   1.473180   0.027350    0.000000  0.000000  0.000000
   C   3.020430   1.486480  -0.001020   -0.000000  0.000000  0.000000
   C  -3.515290   0.174460   0.043230    0.000000  0.000000  0.000000
   C   3.510590   0.189800   0.022160   -0.000000  0.000000  0.000000
   H  -1.289540   2.734410  -0.005980    0.000000 -0.000000  0.000000
   H   1.273390   2.739700  -0.031940    0.000000  0.000000  0.000000
   H  -3.016310  -1.926130   0.048010    0.000000  0.000000 -0.000000
   H   3.020990  -1.912840   0.041900    0.000000  0.000000  0.000000
   H  -3.722380   2.312350   0.034250    0.000000  0.000000  0.000000
   H   3.708330   2.328570  -0.005000   -0.000000  0.000000  0.000000
   H  -4.587710  -0.004860   0.063650    0.000000  0.000000  0.000000
   H   4.583840   0.015390   0.038320    0.000000  0.000000  0.000000
converged SCF energy = -846.706141249834
--------------- RHF_Scanner gradients ---------------
         x                y                z
0 S    -0.0001459802     0.0529871890    -0.0008642022
1 C     0.0447271821    -0.0251502039     0.0000241413
2 C    -0.0444977940    -0.0244748048    -0.0000572774
3 C     0.0275428615    -0.0108404089     0.0001863090
4 C    -0.0273704012    -0.0111517644     0.0003752813
5 C     0.0015051993     0.0092582719    -0.0006226330
6 C    -0.0014970278     0.0088271982    -0.0006590579
7 C    -0.0041887276    -0.0139725431    -0.0000944563
8 C     0.0041080562    -0.0140924788     0.0000574424
9 C    -0.0256046513    -0.0138825121     0.0005765164
10 C     0.0254079667    -0.0133316703     0.0003693030
11 C    -0.0059005922     0.0250145678    -0.0000472985
12 C     0.0059658003     0.0247475965    -0.0001081534
13 H     0.0004014656     0.0031023571     0.0000649533
14 H    -0.0004422992     0.0030916287    -0.0000998630
15 H    -0.0017098240    -0.0033127382     0.0000571911
16 H     0.0017628540    -0.0032761303     0.0001444287
17 H    -0.0036323118     0.0034847184     0.0001425673
18 H     0.0036111164     0.0034733976     0.0000744019
19 H    -0.0040976605    -0.0002736341     0.0002525745
20 H     0.0040547677    -0.0002280365     0.0002278315
----------------------------------------------
cycle 1: E = -846.70614125  dE = -846.706  norm(grad) = 0.116101
Step    0 : Gradient = 2.534e-02/5.299e-02 (rms/max) Energy = -846.7061412498
Hessian Eigenvalues: 2.30000e-02 2.30000e-02 2.30000e-02 ... 4.61895e-01 4.74973e-01 4.75533e-01

Geometry optimization cycle 2
Cartesian coordinates (Angstrom)
 Atom        New coordinates             dX        dY        dZ
   S   0.002396  -1.929846   0.043308    0.000366 -0.089606  0.030028
   C  -0.741405   0.657198   0.016133   -0.012005  0.026298  0.014073
   C   0.734138   0.660081   0.012189    0.011478  0.025601  0.017109
   C  -1.219041  -0.666980   0.030852    0.027519 -0.002480  0.013522
   C   1.218310  -0.661847   0.022633   -0.027220 -0.002807  0.011053
   C  -1.611736   1.742131   0.010698    0.041384  0.032061  0.006328
   C   1.599711   1.748832   0.000614   -0.041869  0.031762  0.016504
   C  -2.583715  -0.909707   0.039035    0.051275 -0.000947  0.003375
   C   2.584012  -0.898386   0.020641   -0.050888 -0.001036 -0.004539
   C  -2.953960   1.472206   0.017767    0.076930 -0.000974 -0.009583
   C   2.943228   1.484617  -0.002167   -0.077202 -0.001863 -0.001147
   C  -3.439963   0.162347   0.031440    0.075327 -0.012113 -0.011790
   C   3.435664   0.177296   0.007429   -0.074926 -0.012504 -0.014731
   H  -1.243448   2.759886  -0.000599    0.046092  0.025476  0.005381
   H   1.227023   2.765014  -0.008434   -0.046367  0.025314  0.023506
   H  -2.963674  -1.921652   0.050845    0.052636  0.004478  0.002835
   H   2.968545  -1.908634   0.029523   -0.052445  0.004206 -0.012377
   H  -3.650022   2.297767   0.012219    0.072358 -0.014583 -0.022031
   H   3.635480   2.313332  -0.012881   -0.072850 -0.015238 -0.007881
   H  -4.506612  -0.015171   0.036930    0.081098 -0.010311 -0.026720
   H   4.503149   0.004658   0.005405   -0.080691 -0.010732 -0.032915
converged SCF energy = -846.709013861702
--------------- RHF_Scanner gradients ---------------
         x                y                z
0 S     0.0000775400    -0.0245864346     0.0006789321
1 C    -0.0144737814     0.0165812370    -0.0004413008
2 C     0.0140733770     0.0162713154    -0.0001163303
3 C     0.0105008530    -0.0032035244    -0.0003424697
4 C    -0.0102381247    -0.0033563876    -0.0003510354
5 C    -0.0036127033     0.0084271006     0.0002613352
6 C     0.0034758633     0.0086060714     0.0002624784
7 C    -0.0002746893     0.0025758599     0.0000998608
8 C     0.0001801250     0.0027141368    -0.0000029074
9 C     0.0160319760    -0.0047263479     0.0000369251
10 C    -0.0160197067    -0.0050944861     0.0001584816
11 C     0.0069776441    -0.0068146137    -0.0000243488
12 C    -0.0067636540    -0.0067985536    -0.0000068594
13 H    -0.0003294738     0.0010266930    -0.0000781246
14 H     0.0003130490     0.0010357966    -0.0001084124
15 H     0.0012172048     0.0009167150    -0.0000107831
16 H    -0.0011966136     0.0009260793     0.0000267005
17 H     0.0037717083    -0.0003538127    -0.0000510503
18 H    -0.0037583607    -0.0003929095    -0.0000453423
19 H     0.0016707157    -0.0018732237     0.0000082825
20 H    -0.0016229488    -0.0018807111     0.0000459683
----------------------------------------------
cycle 2: E = -846.709013862  dE = -0.00287261  norm(grad) = 0.0526391
Step    1 : Displace = [0m6.413e-02[0m/[0m9.450e-02[0m (rms/max) Trust = 1.000e-01 (=) Grad = [0m1.149e-02[0m/[0m2.460e-02[0m (rms/max) E (change) = -846.7090138617 ([0m-2.873e-03[0m) Quality = [0m0.253[0m
Hessian Eigenvalues: 2.29751e-02 2.30000e-02 2.30000e-02 ... 4.71664e-01 4.75460e-01 7.10037e-01

Geometry optimization cycle 3
Cartesian coordinates (Angstrom)
 Atom        New coordinates             dX        dY        dZ
   S   0.002242  -1.915527   0.045738   -0.000154  0.014319  0.002430
   C  -0.745201   0.607717   0.019725   -0.003795 -0.049481  0.003593
   C   0.738904   0.611216   0.015632    0.004766 -0.048864  0.003443
   C  -1.270022  -0.687976   0.033725   -0.050981 -0.020996  0.002873
   C   1.268950  -0.682337   0.024767    0.050640 -0.020490  0.002134
   C  -1.616306   1.688321   0.012255   -0.004569 -0.053810  0.001556
   C   1.605226   1.695761   0.003126    0.005515 -0.053072  0.002511
   C  -2.642322  -0.897385   0.039435   -0.058606  0.012322  0.000399
   C   2.642045  -0.885887   0.019703    0.058034  0.012499 -0.000938
   C  -2.977003   1.495484   0.016254   -0.023044  0.023278 -0.001512
   C   2.966845   1.509025  -0.002690    0.023616  0.024408 -0.000523
   C  -3.484846   0.191145   0.029653   -0.044883  0.028797 -0.001786
   C   3.479380   0.206639   0.004953    0.043716  0.029343 -0.002477
   H  -1.217330   2.692645   0.001341    0.026118 -0.067241  0.001940
   H   1.201847   2.698356  -0.003703   -0.025176 -0.066658  0.004731
   H  -3.044795  -1.900564   0.050423   -0.081121  0.021087 -0.000421
   H   3.048993  -1.887309   0.026416    0.080448  0.021325 -0.003107
   H  -3.650236   2.340761   0.008755   -0.000214  0.042994 -0.003463
   H   3.636557   2.357078  -0.013979    0.001078  0.043747 -0.001098
   H  -4.555179   0.038040   0.032408   -0.048567  0.053211 -0.004522
   H   4.550329   0.057940  -0.000357    0.047180  0.053282 -0.005762
converged SCF energy = -846.712627878875
--------------- RHF_Scanner gradients ---------------
         x                y                z
0 S     0.0000000338    -0.0022373935     0.0004136102
1 C    -0.0043744840     0.0060234671    -0.0002575071
2 C     0.0044654577     0.0060883759     0.0000437653
3 C    -0.0188520123     0.0024550969    -0.0002779848
4 C     0.0187466835     0.0026211362    -0.0004357934
5 C    -0.0033002296    -0.0134782434     0.0003797729
6 C     0.0034145215    -0.0134502849     0.0003109364
7 C    -0.0006720480     0.0043957530     0.0000787595
8 C     0.0006708871     0.0042418278     0.0000195161
9 C     0.0032800159     0.0110990870    -0.0001034544
10 C    -0.0029681732     0.0111963028    -0.0000293777
11 C     0.0040734659    -0.0084599176     0.0000463421
12 C    -0.0044990993    -0.0082748528     0.0000176753
13 H    -0.0004830968    -0.0021817443    -0.0000281977
14 H     0.0005369645    -0.0021754973    -0.0000108534
15 H     0.0008972252     0.0011740949    -0.0000212250
16 H    -0.0009317999     0.0011331503    -0.0000186619
17 H     0.0007417231    -0.0005542703    -0.0000304485
18 H    -0.0007251356    -0.0005168532    -0.0000332313
19 H     0.0017010660     0.0004485616    -0.0000455412
20 H    -0.0017219651     0.0004522037    -0.0000181014
----------------------------------------------
cycle 3: E = -846.712627879  dE = -0.00361402  norm(grad) = 0.0415757
Step    2 : Displace = [0m5.783e-02[0m/[0m8.381e-02[0m (rms/max) Trust = 1.000e-01 (=) Grad = [0m9.073e-03[0m/[0m1.901e-02[0m (rms/max) E (change) = -846.7126278789 ([0m-3.614e-03[0m) Quality = [0m0.608[0m
Hessian Eigenvalues: 2.29834e-02 2.30000e-02 2.30000e-02 ... 4.72451e-01 4.75464e-01 7.37780e-01

Geometry optimization cycle 4
Cartesian coordinates (Angstrom)
 Atom        New coordinates             dX        dY        dZ
   S   0.002379  -1.899922   0.036469    0.000137  0.015605 -0.009269
   C  -0.741943   0.626145   0.016981    0.003258  0.018429 -0.002745
   C   0.734792   0.629149   0.011499   -0.004112  0.017933 -0.004133
   C  -1.251961  -0.674432   0.031117    0.018061  0.013544 -0.002607
   C   1.251260  -0.668970   0.022807   -0.017691  0.013367 -0.001960
   C  -1.625412   1.712735   0.010103   -0.009107  0.024414 -0.002151
   C   1.613276   1.719479  -0.002212    0.008050  0.023719 -0.005338
   C  -2.630376  -0.896667   0.038746    0.011945  0.000718 -0.000689
   C   2.630741  -0.884863   0.021470   -0.011304  0.001024  0.001766
   C  -2.989169   1.473336   0.018703   -0.012166 -0.022147  0.002449
   C   2.977983   1.485328  -0.002711    0.011138 -0.023697 -0.000021
   C  -3.504215   0.177108   0.033114   -0.019368 -0.014036  0.003460
   C   3.500609   0.192098   0.009258    0.021229 -0.014541  0.004306
   H  -1.245928   2.727545  -0.000787   -0.028598  0.034901 -0.002128
   H   1.229447   2.732685  -0.011008    0.027600  0.034329 -0.007305
   H  -3.019835  -1.907493   0.049391    0.024960 -0.006929 -0.001032
   H   3.024542  -1.894009   0.030021   -0.024451 -0.006700  0.003605
   H  -3.677444   2.309301   0.014452   -0.027208 -0.031459  0.005696
   H   3.662162   2.324571  -0.012182    0.025605 -0.032507  0.001797
   H  -4.576021   0.015015   0.039692   -0.020842 -0.023025  0.007284
   H   4.573192   0.035000   0.008659    0.022863 -0.022940  0.009016
converged SCF energy = -846.713030613604
--------------- RHF_Scanner gradients ---------------
         x                y                z
0 S    -0.0000003314     0.0039528078    -0.0001864515
1 C     0.0035337293    -0.0055178288     0.0001297782
2 C    -0.0035515339    -0.0056691780     0.0000422723
3 C     0.0055630301    -0.0016314443     0.0001006130
4 C    -0.0054837991    -0.0017846157     0.0001727216
5 C     0.0030408677     0.0076380920    -0.0002110520
6 C    -0.0032370704     0.0078223154    -0.0002434630
7 C     0.0021832253     0.0031413612    -0.0000729324
8 C    -0.0023452115     0.0034970298    -0.0000200885
9 C     0.0002285214    -0.0081835080     0.0000656566
10 C    -0.0007326813    -0.0087203906     0.0000737832
11 C    -0.0120002497     0.0024206462     0.0000626662
12 C     0.0127972818     0.0023462465    -0.0000055457
13 H     0.0007379207     0.0007871158     0.0000106157
14 H    -0.0008053164     0.0007956410     0.0000228639
15 H    -0.0006296607     0.0000565105    -0.0000116035
16 H     0.0006699386     0.0001240843    -0.0000225234
17 H    -0.0007904895    -0.0005145306     0.0000348705
18 H     0.0007649171    -0.0005821953     0.0000367069
19 H    -0.0016788836     0.0000224268     0.0000209036
20 H     0.0017357952    -0.0000005859     0.0000002085
----------------------------------------------
cycle 4: E = -846.713030614  dE = -0.000402735  norm(grad) = 0.0285608
Step    3 : Displace = [0m2.866e-02[0m/[0m4.516e-02[0m (rms/max) Trust = 1.000e-01 (=) Grad = [0m6.232e-03[0m/[0m1.301e-02[0m (rms/max) E (change) = -846.7130306136 ([0m-4.027e-04[0m) Quality = [0m0.239[0m
Hessian Eigenvalues: 2.29668e-02 2.29998e-02 2.30000e-02 ... 4.75459e-01 6.27746e-01 6.92918e-01

Geometry optimization cycle 5
Cartesian coordinates (Angstrom)
 Atom        New coordinates             dX        dY        dZ
   S   0.002227  -1.908693   0.036571   -0.000151 -0.008770  0.000102
   C  -0.741282   0.625768   0.017021    0.000660 -0.000377  0.000041
   C   0.734656   0.629044   0.011543   -0.000136 -0.000105  0.000044
   C  -1.245643  -0.678741   0.031144    0.006318 -0.004309  0.000026
   C   1.244697  -0.673328   0.022860   -0.006563 -0.004359  0.000053
   C  -1.622598   1.713450   0.010150    0.002814  0.000716  0.000047
   C   1.611177   1.720456  -0.002129   -0.002099  0.000977  0.000084
   C  -2.621253  -0.906508   0.038785    0.009123 -0.009841  0.000039
   C   2.621261  -0.895158   0.021555   -0.009480 -0.010295  0.000085
   C  -2.985462   1.485059   0.018592    0.003707  0.011723 -0.000111
   C   2.975073   1.498335  -0.002822   -0.002910  0.013007 -0.000110
   C  -3.477123   0.180263   0.032935    0.027091  0.003154 -0.000179
   C   3.472142   0.195540   0.009241   -0.028467  0.003442 -0.000017
   H  -1.239457   2.726696  -0.000723    0.006470 -0.000849  0.000064
   H   1.223467   2.731972  -0.010883   -0.005980 -0.000713  0.000125
   H  -3.015803  -1.915602   0.049444    0.004032 -0.008109  0.000053
   H   3.020370  -1.902488   0.030088   -0.004172 -0.008479  0.000068
   H  -3.676734   2.318803   0.014356    0.000710  0.009502 -0.000096
   H   3.662656   2.335098  -0.012292    0.000494  0.010526 -0.000110
   H  -4.548023   0.016643   0.039500    0.027998  0.001628 -0.000192
   H   4.543732   0.036531   0.008642   -0.029460  0.001532 -0.000017
converged SCF energy = -846.713672768256
--------------- RHF_Scanner gradients ---------------
         x                y                z
0 S    -0.0000077952     0.0003787677    -0.0001509648
1 C     0.0030932394    -0.0029344881     0.0001055248
2 C    -0.0030736060    -0.0028101624     0.0000136262
3 C     0.0061692057    -0.0003664416     0.0000898973
4 C    -0.0061379862    -0.0003765656     0.0001629027
5 C     0.0001261688     0.0031759008    -0.0001506489
6 C    -0.0000824685     0.0030175297    -0.0001918764
7 C    -0.0004736030    -0.0037300102     0.0000012999
8 C     0.0004867352    -0.0038581014     0.0000425342
9 C    -0.0040883482    -0.0008260068     0.0000186727
10 C     0.0041607066    -0.0006154371    -0.0000172377
11 C     0.0017701368     0.0038958059    -0.0000161093
12 C    -0.0019245795     0.0039091646     0.0000080269
13 H    -0.0001262266     0.0006974826     0.0000146883
14 H     0.0001366452     0.0006837102     0.0000196628
15 H    -0.0002704645    -0.0009545969    -0.0000027336
16 H     0.0002724596    -0.0009712798    -0.0000086815
17 H    -0.0007213598     0.0006454678     0.0000224504
18 H     0.0007258439     0.0006748438     0.0000224541
19 H    -0.0002986464     0.0001775116     0.0000137906
20 H     0.0002639427     0.0001869053     0.0000027212
----------------------------------------------
cycle 5: E = -846.713672768  dE = -0.000642155  norm(grad) = 0.0154208
Step    4 : Displace = [0m1.479e-02[0m/[0m2.950e-02[0m (rms/max) Trust = 1.433e-02 ([91m-[0m) Grad = [0m3.365e-03[0m/[0m6.181e-03[0m (rms/max) E (change) = -846.7136727683 ([0m-6.422e-04[0m) Quality = [0m0.567[0m
Hessian Eigenvalues: 2.29682e-02 2.29998e-02 2.30000e-02 ... 4.75459e-01 6.52850e-01 7.82864e-01

Geometry optimization cycle 6
Cartesian coordinates (Angstrom)
 Atom        New coordinates             dX        dY        dZ
   S   0.002283  -1.907716   0.041855    0.000056  0.000977  0.005284
   C  -0.742911   0.621530   0.018853   -0.001629 -0.004238  0.001832
   C   0.736282   0.624873   0.014131    0.001626 -0.004171  0.002588
   C  -1.256394  -0.679517   0.032877   -0.010751 -0.000775  0.001734
   C   1.255430  -0.673957   0.024085    0.010733 -0.000629  0.001225
   C  -1.615662   1.705699   0.011491    0.006936 -0.007751  0.001340
   C   1.604182   1.712977   0.001175   -0.006996 -0.007479  0.003304
   C  -2.628542  -0.902103   0.039224   -0.007289  0.004404  0.000438
   C   2.628515  -0.890550   0.020475    0.007254  0.004608 -0.001080
   C  -2.973947   1.484273   0.017106    0.011515 -0.000786 -0.001485
   C   2.963432   1.497267  -0.002828   -0.011641 -0.001068 -0.000006
   C  -3.479299   0.182217   0.030851   -0.002176  0.001954 -0.002084
   C   3.474487   0.197452   0.006593    0.002345  0.001912 -0.002648
   H  -1.227271   2.715504   0.000611    0.012187 -0.011192  0.001334
   H   1.211386   2.721109  -0.006597   -0.012082 -0.010863  0.004286
   H  -3.024708  -1.908801   0.050212   -0.008905  0.006801  0.000768
   H   3.029112  -1.895526   0.028221    0.008742  0.006962 -0.001867
   H  -3.656544   2.322967   0.010690    0.020190  0.004164 -0.003667
   H   3.642376   2.338882  -0.013676   -0.020281  0.003784 -0.001384
   H  -4.549747   0.023352   0.035053   -0.001724  0.006709 -0.004448
   H   4.545621   0.043209   0.003178    0.001889  0.006677 -0.005464
converged SCF energy = -846.713705997459
--------------- RHF_Scanner gradients ---------------
         x                y                z
0 S    -0.0000005693    -0.0005943012     0.0001385859
1 C    -0.0031176624     0.0035071676    -0.0001145901
2 C     0.0031379628     0.0034947427    -0.0000151923
3 C    -0.0067560347     0.0006037450    -0.0000869024
4 C     0.0067246105     0.0006231596    -0.0001501030
5 C    -0.0011968292    -0.0032148955     0.0001397755
6 C     0.0012063524    -0.0030649907     0.0001420424
7 C    -0.0001620806     0.0018831675     0.0000234233
8 C     0.0001220595     0.0019116423    -0.0000097982
9 C     0.0043580666     0.0012747507    -0.0000212316
10 C    -0.0043299518     0.0011609638     0.0000170287
11 C     0.0014470586    -0.0032406404     0.0000069778
12 C    -0.0014436292    -0.0032032516     0.0000032463
13 H     0.0000285039    -0.0005897653    -0.0000141279
14 H    -0.0000228855    -0.0005812287    -0.0000131581
15 H     0.0002159786     0.0005256092    -0.0000028783
16 H    -0.0002215231     0.0005220556     0.0000010117
17 H     0.0006908328    -0.0003117971    -0.0000159390
18 H    -0.0006891018    -0.0003139363    -0.0000165859
19 H     0.0006709732    -0.0001924303    -0.0000115784
20 H    -0.0006621314    -0.0001997670    -0.0000000064
----------------------------------------------
cycle 6: E = -846.713705997  dE = -3.32292e-05  norm(grad) = 0.0153334
Step    5 : Displace = [0m1.158e-02[0m/[0m2.094e-02[0m (rms/max) Trust = 1.433e-02 (=) Grad = [0m3.346e-03[0m/[0m6.784e-03[0m (rms/max) E (change) = -846.7137059975 ([0m-3.323e-05[0m) Quality = [0m0.108[0m
Hessian Eigenvalues: 2.29941e-02 2.29997e-02 2.30000e-02 ... 6.27062e-01 6.62901e-01 7.40709e-01

Geometry optimization cycle 7
Cartesian coordinates (Angstrom)
 Atom        New coordinates             dX        dY        dZ
   S   0.002285  -1.909235   0.041442    0.000002 -0.001519 -0.000412
   C  -0.742457   0.623190   0.018709    0.000455  0.001659 -0.000145
   C   0.735709   0.626348   0.013916   -0.000573  0.001475 -0.000215
   C  -1.251500  -0.679086   0.032748    0.004894  0.000431 -0.000129
   C   1.250621  -0.673660   0.024009   -0.004809  0.000297 -0.000076
   C  -1.620374   1.707516   0.011377   -0.004712  0.001816 -0.000114
   C   1.608820   1.714490   0.000872    0.004638  0.001513 -0.000303
   C  -2.625705  -0.901321   0.039184    0.002838  0.000783 -0.000039
   C   2.625796  -0.889860   0.020556   -0.002719  0.000690  0.000081
   C  -2.981494   1.484391   0.017242   -0.007547  0.000118  0.000135
   C   2.970935   1.497374  -0.002868    0.007503  0.000108 -0.000040
   C  -3.482439   0.181364   0.031044   -0.003140 -0.000853  0.000193
   C   3.477696   0.196580   0.006793    0.003209 -0.000872  0.000200
   H  -1.234287   2.718692   0.000492   -0.007016  0.003187 -0.000119
   H   1.218246   2.723969  -0.006997    0.006860  0.002860 -0.000400
   H  -3.020280  -1.909123   0.050165    0.004429 -0.000322 -0.000047
   H   3.024862  -1.895922   0.028396   -0.004250 -0.000396  0.000175
   H  -3.666842   2.321548   0.011008   -0.010298 -0.001419  0.000319
   H   3.652521   2.337553  -0.013608    0.010145 -0.001329  0.000068
   H  -4.552971   0.019208   0.035467   -0.003224 -0.004144  0.000415
   H   4.548938   0.039126   0.003632    0.003316 -0.004083  0.000454
converged SCF energy = -846.713844319069
--------------- RHF_Scanner gradients ---------------
         x                y                z
0 S     0.0000056669    -0.0008611938     0.0001147502
1 C    -0.0005957862     0.0006055372    -0.0000781191
2 C     0.0005414635     0.0005504344     0.0000152275
3 C    -0.0005316509     0.0000679376    -0.0000803609
4 C     0.0005656932     0.0000688512    -0.0000967657
5 C    -0.0001785890    -0.0008724318     0.0000945388
6 C     0.0001684979    -0.0008850880     0.0001042796
7 C     0.0003149961     0.0007784888     0.0000242052
8 C    -0.0003120893     0.0007766541    -0.0000001808
9 C     0.0003551250     0.0007371422    -0.0000055900
10 C    -0.0003397092     0.0007249249     0.0000021841
11 C    -0.0002751746    -0.0007705497    -0.0000079616
12 C     0.0002740301    -0.0007591442    -0.0000199298
13 H    -0.0000237285    -0.0002082561    -0.0000133048
14 H     0.0000249865    -0.0002091622    -0.0000126156
15 H     0.0001250017     0.0002226686     0.0000000840
16 H    -0.0001238189     0.0002227969     0.0000027561
17 H     0.0001061627    -0.0001151917    -0.0000129636
18 H    -0.0001042911    -0.0001158479    -0.0000166164
19 H     0.0000869784     0.0000211140    -0.0000098947
20 H    -0.0000837643     0.0000203157    -0.0000037227
----------------------------------------------
cycle 7: E = -846.713844319  dE = -0.000138322  norm(grad) = 0.00294165
Step    6 : Displace = [0m5.680e-03[0m/[0m1.040e-02[0m (rms/max) Trust = 5.789e-03 ([91m-[0m) Grad = [0m6.419e-04[0m/[0m9.070e-04[0m (rms/max) E (change) = -846.7138443191 ([0m-1.383e-04[0m) Quality = [0m0.920[0m
Hessian Eigenvalues: 2.29885e-02 2.29997e-02 2.30000e-02 ... 6.48079e-01 6.89386e-01 7.38836e-01

Geometry optimization cycle 8
Cartesian coordinates (Angstrom)
 Atom        New coordinates             dX        dY        dZ
   S   0.002259  -1.906066   0.038717   -0.000026  0.003169 -0.002725
   C  -0.742025   0.623566   0.018007    0.000432  0.000376 -0.000702
   C   0.735471   0.627004   0.012768   -0.000238  0.000656 -0.001148
   C  -1.252018  -0.678641   0.032055   -0.000518  0.000445 -0.000693
   C   1.251000  -0.673059   0.023470    0.000379  0.000601 -0.000539
   C  -1.619132   1.710490   0.010723    0.001242  0.002975 -0.000654
   C   1.607677   1.717792  -0.000736   -0.001143  0.003302 -0.001607
   C  -2.626689  -0.904595   0.039003   -0.000984 -0.003275 -0.000182
   C   2.626640  -0.893051   0.021075    0.000844 -0.003191  0.000518
   C  -2.980508   1.483244   0.017925    0.000986 -0.001147  0.000684
   C   2.970015   1.496329  -0.002833   -0.000920 -0.001045  0.000035
   C  -3.481138   0.180835   0.032041    0.001301 -0.000529  0.000997
   C   3.476315   0.196077   0.008081   -0.001382 -0.000504  0.001288
   H  -1.233967   2.722467  -0.000159    0.000320  0.003775 -0.000651
   H   1.218065   2.728091  -0.009043   -0.000181  0.004122 -0.002046
   H  -3.021717  -1.912756   0.049758   -0.001438 -0.003633 -0.000407
   H   3.026093  -1.899490   0.029231    0.001231 -0.003568  0.000835
   H  -3.667442   2.319573   0.012672   -0.000600 -0.001975  0.001664
   H   3.653312   2.335585  -0.012898    0.000791 -0.001967  0.000710
   H  -4.552116   0.019946   0.037516    0.000855  0.000738  0.002048
   H   4.547986   0.039798   0.006206   -0.000952  0.000672  0.002574
converged SCF energy = -846.713834523861
--------------- RHF_Scanner gradients ---------------
         x                y                z
0 S    -0.0000113474     0.0011124176    -0.0000615520
1 C     0.0007660051    -0.0009248301     0.0000422380
2 C    -0.0006177816    -0.0007770018     0.0000060184
3 C     0.0002429320     0.0000979962     0.0000384943
4 C    -0.0003327023     0.0000954062     0.0000493125
5 C     0.0003793245     0.0015297307    -0.0000610982
6 C    -0.0003827776     0.0015722854    -0.0000754930
7 C    -0.0006554426    -0.0012993557     0.0000004779
8 C     0.0006410009    -0.0012949838     0.0000118169
9 C    -0.0005170400    -0.0011006209     0.0000096621
10 C     0.0005022418    -0.0011082676     0.0000076497
11 C     0.0003230671     0.0010207648     0.0000003974
12 C    -0.0003243947     0.0010232325     0.0000051674
13 H     0.0000954497     0.0002438071     0.0000047715
14 H    -0.0000954771     0.0002491827     0.0000087091
15 H    -0.0001595327    -0.0002620961    -0.0000013120
16 H     0.0001545363    -0.0002612933    -0.0000047481
17 H    -0.0000499460     0.0001265677     0.0000069864
18 H     0.0000438848     0.0001264530     0.0000096312
19 H    -0.0000880796    -0.0000836574     0.0000036117
20 H     0.0000860796    -0.0000857370    -0.0000007414
----------------------------------------------
cycle 8: E = -846.713834524  dE = 9.79521e-06  norm(grad) = 0.00433949
Step    7 : Displace = [0m2.876e-03[0m/[0m4.607e-03[0m (rms/max) Trust = 8.186e-03 ([92m+[0m) Grad = [0m9.470e-04[0m/[0m1.620e-03[0m (rms/max) E (change) = -846.7138345239 ([91m+9.795e-06[0m) Quality = [91m-0.577[0m
Hessian Eigenvalues: 2.29272e-02 2.29998e-02 2.30000e-02 ... 6.48021e-01 6.91931e-01 7.40129e-01

Geometry optimization cycle 9
Cartesian coordinates (Angstrom)
 Atom        New coordinates             dX        dY        dZ
   S   0.002273  -1.907679   0.038904    0.000015 -0.001612  0.000186
   C  -0.742247   0.623599   0.018051   -0.000222  0.000033  0.000044
   C   0.735510   0.626782   0.012843    0.000039 -0.000221  0.000075
   C  -1.251371  -0.678733   0.032091    0.000648 -0.000092  0.000035
   C   1.250474  -0.673291   0.023496   -0.000526 -0.000232  0.000026
   C  -1.620048   1.708918   0.010792   -0.000916 -0.001573  0.000069
   C   1.608493   1.715912  -0.000602    0.000816 -0.001880  0.000133
   C  -2.625742  -0.902731   0.038993    0.000947  0.001864 -0.000010
   C   2.625829  -0.891258   0.021019   -0.000811  0.001792 -0.000055
   C  -2.981224   1.483833   0.017880   -0.000717  0.000589 -0.000045
   C   2.970667   1.496817  -0.002839    0.000652  0.000488 -0.000007
   C  -3.481676   0.181041   0.031972   -0.000539  0.000205 -0.000069
   C   3.476944   0.196250   0.007988    0.000630  0.000174 -0.000093
   H  -1.234701   2.720608  -0.000085   -0.000734 -0.001859  0.000074
   H   1.218653   2.725904  -0.008879    0.000588 -0.002188  0.000165
   H  -3.020442  -1.910775   0.049767    0.001276  0.001981  0.000008
   H   3.025013  -1.897561   0.029163   -0.001081  0.001929 -0.000069
   H  -3.667559   2.320475   0.012557   -0.000116  0.000902 -0.000115
   H   3.653254   2.336475  -0.012955   -0.000058  0.000890 -0.000056
   H  -4.552412   0.019320   0.037386   -0.000296 -0.000626 -0.000130
   H   4.548391   0.039234   0.006039    0.000406 -0.000564 -0.000166
converged SCF energy = -846.713850980833
--------------- RHF_Scanner gradients ---------------
         x                y                z
0 S     0.0000020118     0.0001244138    -0.0000410678
1 C     0.0000318394    -0.0000901327     0.0000291213
2 C    -0.0000633294    -0.0001172472    -0.0000011302
3 C     0.0000844199     0.0000415217     0.0000304902
4 C    -0.0000610252     0.0000355325     0.0000378812
5 C     0.0000144111     0.0001150341    -0.0000360569
6 C    -0.0000208883     0.0001031740    -0.0000486502
7 C    -0.0000165821    -0.0001150102    -0.0000095291
8 C     0.0000184147    -0.0001139452     0.0000025140
9 C    -0.0000190416    -0.0001361994    -0.0000009368
10 C     0.0000178561    -0.0001390247    -0.0000000076
11 C     0.0000569584     0.0001315647     0.0000071652
12 C    -0.0000470193     0.0001303116     0.0000096811
13 H     0.0000034969     0.0000285364     0.0000054203
14 H    -0.0000042422     0.0000269801     0.0000081592
15 H    -0.0000200311    -0.0000315512    -0.0000030596
16 H     0.0000222128    -0.0000308990    -0.0000051311
17 H    -0.0000191170     0.0000257432     0.0000060151
18 H     0.0000195268     0.0000255643     0.0000081961
19 H    -0.0000179110    -0.0000072178     0.0000020149
20 H     0.0000180393    -0.0000071493    -0.0000010893
----------------------------------------------
cycle 9: E = -846.713850981  dE = -1.6457e-05  norm(grad) = 0.000449608
Step    8 : Displace = [0m1.445e-03[0m/[0m2.356e-03[0m (rms/max) Trust = 1.438e-03 ([91m-[0m) Grad = [92m9.811e-05[0m/[92m1.435e-04[0m (rms/max) E (change) = -846.7138509808 ([0m-1.646e-05[0m) Quality = [0m0.995[0m
Hessian Eigenvalues: 2.29185e-02 2.29998e-02 2.30000e-02 ... 6.48389e-01 6.91655e-01 7.42426e-01

Geometry optimization cycle 10
Cartesian coordinates (Angstrom)
 Atom        New coordinates             dX        dY        dZ
   S   0.002261  -1.907925   0.039701   -0.000012 -0.000246  0.000798
   C  -0.742188   0.623424   0.018201    0.000060 -0.000175  0.000150
   C   0.735633   0.626842   0.013131    0.000123  0.000059  0.000288
   C  -1.251481  -0.678892   0.032235   -0.000110 -0.000159  0.000144
   C   1.250463  -0.673325   0.023577   -0.000011 -0.000034  0.000081
   C  -1.620052   1.708602   0.010996   -0.000004 -0.000315  0.000204
   C   1.608627   1.715897  -0.000092    0.000134 -0.000015  0.000510
   C  -2.625877  -0.902580   0.039048   -0.000135  0.000151  0.000055
   C   2.625816  -0.891057   0.020853   -0.000013  0.000202 -0.000166
   C  -2.981272   1.483864   0.017684   -0.000048  0.000031 -0.000196
   C   2.970809   1.496995  -0.002853    0.000142  0.000178 -0.000014
   C  -3.481907   0.181053   0.031667   -0.000231  0.000013 -0.000305
   C   3.477031   0.196314   0.007604    0.000087  0.000063 -0.000384
   H  -1.234584   2.720215   0.000131    0.000116 -0.000393  0.000216
   H   1.218703   2.725828  -0.008273    0.000050 -0.000076  0.000606
   H  -3.020581  -1.910577   0.049960   -0.000139  0.000198  0.000193
   H   3.024957  -1.897331   0.029001   -0.000056  0.000230 -0.000162
   H  -3.667411   2.320601   0.012070    0.000148  0.000126 -0.000487
   H   3.653318   2.336650  -0.013199    0.000063  0.000175 -0.000244
   H  -4.552616   0.019340   0.036806   -0.000204  0.000019 -0.000580
   H   4.548433   0.039202   0.005334    0.000042 -0.000032 -0.000705
converged SCF energy = -846.713851120094
--------------- RHF_Scanner gradients ---------------
         x                y                z
0 S    -0.0000073467    -0.0000165151     0.0000146914
1 C     0.0000608866    -0.0000483701    -0.0000100923
2 C     0.0000603725     0.0000730617     0.0000006907
3 C    -0.0000550543    -0.0000159105    -0.0000117974
4 C    -0.0000254549    -0.0000080136    -0.0000149289
5 C     0.0000144562    -0.0000094472     0.0000137881
6 C    -0.0000028577     0.0000272102     0.0000199558
7 C    -0.0000152656     0.0000061735     0.0000037356
8 C     0.0000049922    -0.0000064103    -0.0000015021
9 C    -0.0000054049     0.0000216876     0.0000004952
10 C     0.0000231879     0.0000317004    -0.0000015439
11 C    -0.0000367987    -0.0000295865    -0.0000036887
12 C    -0.0000065018    -0.0000149780    -0.0000035789
13 H     0.0000018328    -0.0000063484    -0.0000021245
14 H     0.0000024505    -0.0000013613    -0.0000037491
15 H    -0.0000006257     0.0000087128     0.0000017194
16 H    -0.0000069051     0.0000056651     0.0000028528
17 H     0.0000064393    -0.0000100182    -0.0000023166
18 H    -0.0000090833    -0.0000069400    -0.0000036133
19 H     0.0000044941     0.0000001368    -0.0000001817
20 H    -0.0000078135    -0.0000004491     0.0000011884
----------------------------------------------
cycle 10: E = -846.71385112  dE = -1.39261e-07  norm(grad) = 0.000164924
Step    9 : Displace = [92m4.291e-04[0m/[92m8.304e-04[0m (rms/max) Trust = 2.033e-03 ([92m+[0m) Grad = [92m3.599e-05[0m/[92m9.478e-05[0m (rms/max) E (change) = -846.7138511201 ([92m-1.393e-07[0m) Quality = [0m0.643[0m
Hessian Eigenvalues: 2.29185e-02 2.29998e-02 2.30000e-02 ... 6.48389e-01 6.91655e-01 7.42426e-01
Converged! =D

    #==========================================================================#
    #| If this code has benefited your research, please support us by citing: |#
    #|                                                                        |#
    #| Wang, L.-P.; Song, C.C. (2016) "Geometry optimization made simple with |#
    #| translation and rotation coordinates", J. Chem, Phys. 144, 214108.     |#
    #| http://dx.doi.org/10.1063/1.4952956                                    |#
    #==========================================================================#
    Time elapsed since start of run_optimizer: 138.147 seconds
