MO  1: -90.657171 Ha
MO  2: -11.068604 Ha
MO  3: -11.068537 Ha
MO  4: -11.041965 Ha
MO  5: -11.041770 Ha
MO  6: -11.032280 Ha
MO  7: -11.032085 Ha
MO  8: -11.017624 Ha
MO  9: -11.017360 Ha
MO 10: -10.946189 Ha
MO 11: -10.946091 Ha
MO 12: -10.945425 Ha
MO 13: -10.945314 Ha
MO 14: -8.580412 Ha
MO 15: -6.214445 Ha
MO 16: -6.206858 Ha
MO 17: -6.206630 Ha
MO 18: -0.744437 Ha
MO 19: -0.715284 Ha
MO 20: -0.715048 Ha
MO 21: -0.693347 Ha
MO 22: -0.692099 Ha
MO 23: -0.669925 Ha
MO 24: -0.664004 Ha
MO 25: -0.636707 Ha
MO 26: -0.632063 Ha
MO 27: -0.629600 Ha
MO 28: -0.618688 Ha
MO 29: -0.590595 Ha
MO 30: -0.566769 Ha
MO 31: -0.272467 Ha
MO 32: -0.272359 Ha
MO 33: -0.257611 Ha
MO 34: -0.256017 Ha
MO 35: -0.253363 Ha
MO 36: -0.251026 Ha
MO 37: -0.246599 Ha
MO 38: -0.242865 Ha
MO 39: -0.241410 Ha
MO 40: -0.240156 Ha
MO 41: -0.227013 Ha
MO 42: -0.222702 Ha
MO 43: -0.210276 Ha
MO 44: -0.199353 Ha
MO 45: -0.154413 Ha
MO 46: -0.149337 Ha
MO 47: -0.089264 Ha
MO 48: -0.072929 Ha
MO 49: 0.076416 Ha
MO 50: 0.100225 Ha
MO 51: 0.112697 Ha
MO 52: 0.137016 Ha
MO 53: 0.146638 Ha
MO 54: 0.147530 Ha
MO 55: 0.176848 Ha
MO 56: 0.179165 Ha
MO 57: 0.179256 Ha
MO 58: 0.181353 Ha
MO 59: 0.195394 Ha
MO 60: 0.198307 Ha
MO 61: 0.198976 Ha
MO 62: 0.204223 Ha
MO 63: 0.216063 Ha
MO 64: 0.217480 Ha
MO 65: 0.218032 Ha
MO 66: 0.225761 Ha
MO 67: 0.225962 Ha
MO 68: 0.226829 Ha
MO 69: 0.229483 Ha
MO 70: 0.235570 Ha
MO 71: 0.237639 Ha
MO 72: 0.252556 Ha
MO 73: 0.254386 Ha
MO 74: 0.263701 Ha
MO 75: 0.271482 Ha
MO 76: 0.284749 Ha
MO 77: 0.296153 Ha

HOMO is MO 48, LUMO is MO 49
 ** Mulliken pop  **
pop of  0 S 1s            2.56304
pop of  0 S 2s            2.70327
pop of  0 S 3s            2.18845
pop of  0 S 2px           2.28475
pop of  0 S 2py           2.28355
pop of  0 S 2pz           1.88717
pop of  0 S 3px           2.18558
pop of  0 S 3py           2.17860
pop of  0 S 3pz           0.01412
pop of  1 C 1s            2.26411
pop of  1 C 2s            2.18562
pop of  1 C 2px           0.12511
pop of  1 C 2py           0.04752
pop of  1 C 2pz           0.00132
pop of  2 C 1s            2.26411
pop of  2 C 2s            2.18559
pop of  2 C 2px           0.12546
pop of  2 C 2py           0.04762
pop of  2 C 2pz           0.00130
pop of  3 C 1s            2.26441
pop of  3 C 2s            2.18338
pop of  3 C 2px           0.11356
pop of  3 C 2py           1.68848
pop of  3 C 2pz           0.02925
pop of  4 C 1s            2.26441
pop of  4 C 2s            2.18339
pop of  4 C 2px           0.11523
pop of  4 C 2py           1.68614
pop of  4 C 2pz           0.03010
pop of  5 C 1s            2.25663
pop of  5 C 2s            2.13283
pop of  5 C 2px           0.44046
pop of  5 C 2py           0.73366
pop of  5 C 2pz           0.00012
pop of  6 C 1s            2.25662
pop of  6 C 2s            2.13277
pop of  6 C 2px           0.43957
pop of  6 C 2py           0.73383
pop of  6 C 2pz           0.00017
pop of  7 C 1s            2.25785
pop of  7 C 2s            2.14544
pop of  7 C 2px           0.63555
pop of  7 C 2py           0.48308
pop of  7 C 2pz           0.00010
pop of  8 C 1s            2.25784
pop of  8 C 2s            2.14536
pop of  8 C 2px           0.63738
pop of  8 C 2py           0.48112
pop of  8 C 2pz           0.00017
pop of  9 C 1s            2.25282
pop of  9 C 2s            2.09933
pop of  9 C 2px           0.60084
pop of  9 C 2py           0.58353
pop of  9 C 2pz           0.00006
pop of  10 C 1s           2.25282
pop of  10 C 2s           2.09934
pop of  10 C 2px          0.60025
pop of  10 C 2py          0.58351
pop of  10 C 2pz          0.00006
pop of  11 C 1s           2.25488
pop of  11 C 2s           2.11688
pop of  11 C 2px          0.69234
pop of  11 C 2py          0.51496
pop of  11 C 2pz          0.00004
pop of  12 C 1s           2.25488
pop of  12 C 2s           2.11690
pop of  12 C 2px          0.69242
pop of  12 C 2py          0.51527
pop of  12 C 2pz          0.00003
pop of  13 H 1s           0.87675
pop of  14 H 1s           0.87677
pop of  15 H 1s           0.94002
pop of  16 H 1s           0.94017
pop of  17 H 1s           0.86323
pop of  18 H 1s           0.86350
pop of  19 H 1s           0.85314
pop of  20 H 1s           0.85318
 ** Mulliken atomic charges  **
charge of    0S =     -2.28854
charge of    1C =      1.37633
charge of    2C =      1.37593
charge of    3C =     -0.27908
charge of    4C =     -0.27927
charge of    5C =      0.43630
charge of    6C =      0.43704
charge of    7C =      0.47798
charge of    8C =      0.47812
charge of    9C =      0.46342
charge of   10C =      0.46402
charge of   11C =      0.42090
charge of   12C =      0.42050
charge of   13H =      0.12325
charge of   14H =      0.12323
charge of   15H =      0.05998
charge of   16H =      0.05983
charge of   17H =      0.13677
charge of   18H =      0.13650
charge of   19H =      0.14686
charge of   20H =      0.14682
Core orbital Mulliken populations: (array([2.56304414e+00, 2.70327190e+00, 2.18845306e+00, 2.28475299e+00,
       2.28355055e+00, 1.88716515e+00, 2.18558043e+00, 2.17860271e+00,
       1.41199339e-02, 2.26410760e+00, 2.18561867e+00, 1.25110722e-01,
       4.75178289e-02, 1.31722506e-03, 2.26410510e+00, 2.18559389e+00,
       1.25461531e-01, 4.76151884e-02, 1.29710684e-03, 2.26440846e+00,
       2.18337998e+00, 1.13561529e-01, 1.68847519e+00, 2.92541868e-02,
       2.26440937e+00, 2.18338877e+00, 1.15230681e-01, 1.68613752e+00,
       3.01048669e-02, 2.25662770e+00, 2.13282550e+00, 4.40464179e-01,
       7.33664466e-01, 1.21200595e-04, 2.25662124e+00, 2.13276851e+00,
       4.39571601e-01, 7.33828367e-01, 1.69989378e-04, 2.25785363e+00,
       2.14543855e+00, 6.35547426e-01, 4.83082775e-01, 1.00616771e-04,
       2.25784443e+00, 2.14535902e+00, 6.37384237e-01, 4.81119741e-01,
       1.70506202e-04, 2.25282117e+00, 2.09932961e+00, 6.00837804e-01,
       5.83530222e-01, 6.12875118e-05, 2.25282119e+00, 2.09933566e+00,
       6.00252746e-01, 5.83507434e-01, 6.45841611e-05, 2.25487948e+00,
       2.11687517e+00, 6.92344525e-01, 5.14964871e-01, 3.68440368e-05,
       2.25488280e+00, 2.11690342e+00, 6.92415778e-01, 5.15267708e-01,
       3.40297695e-05, 8.76752139e-01, 8.76770668e-01, 9.40022168e-01,
       9.40166751e-01, 8.63234998e-01, 8.63504653e-01, 8.53139886e-01,
       8.53175820e-01]), array([-2.28854086,  1.37632796,  1.37592719, -0.27907935, -0.2792712 ,
        0.43629696,  0.43704029,  0.47797701,  0.47812207,  0.46341991,
        0.46401838,  0.4208991 ,  0.42049627,  0.12324786,  0.12322933,
        0.05997783,  0.05983325,  0.136765  ,  0.13649535,  0.14686011,
        0.14682418]))
